info: Download starting. {"0":{"rss":59703296,"heapTotal":34959360,"heapUsed":32194120,"external":2038424},"1":[0,64827479],"timestamp":"2020-07-29T11:06:08.834Z"}
info: Response accepted. {"0":"https://www.oakshotels.com/en/oaks-on-castlereagh","1":200,"2":"text/html; charset=utf-8","3":{"rss":61739008,"heapTotal":35934208,"heapUsed":33633280,"external":2224838},"4":[5,927596650],"timestamp":"2020-07-29T11:06:14.695Z"}
info: Response rejected. {"0":"https://scontent.xx.fbcdn.net/v/t1.0-9/p720x720/69645404_2686846704667666_3084761995795234816_o.jpg?_nc_cat=102&_nc_oc=AQl5TFpWxRFIFpqEMcglwqt_yuXteg8DRrSqBMxdgtOeO2lteOCQ4HvvbMBOiUhfXww&_nc_ht=scontent.xx&oh=7c5d0e9b1256b6e6da18837d0dc12878&oe=5DFEABD1","1":403,"2":"text/plain","3":{"rss":61771776,"heapTotal":35172352,"heapUsed":29308368,"external":1427828},"4":[7,507027664],"timestamp":"2020-07-29T11:06:16.275Z"}
info: Response accepted. {"0":"https://www.oakshotels.com/uploads/minor/oaks/images/australia/new-south-wales/sydney/castlereagh/be-inspired/oaks-hotels-blogs-image-sydney.jpg","1":200,"2":"image/jpeg","3":{"rss":61771776,"heapTotal":35172352,"heapUsed":29440664,"external":1460992},"4":[8,182596279],"timestamp":"2020-07-29T11:06:16.950Z"}
info: Response accepted. {"0":"https://www.oakshotels.com/uploads/minor/oaks/images/australia/new-south-wales/sydney/castlereagh/1312x533/oaks-castlereagh-sydney-city-hotels-balcony-image.jpg","1":200,"2":"image/jpeg","3":{"rss":62033920,"heapTotal":35516416,"heapUsed":30292296,"external":1805856},"4":[9,86728707],"timestamp":"2020-07-29T11:06:17.854Z"}
info: Response rejected. {"0":"https://scontent.cdninstagram.com/t51.2885-15/s640x640/sh0.08/e35/c0.135.1080.1080/19623684_242445619594876_4179465802820354048_n.jpg","1":403,"2":"text/plain","3":{"rss":63344640,"heapTotal":38662144,"heapUsed":31538072,"external":1429493},"4":[10,617891687],"timestamp":"2020-07-29T11:06:19.386Z"}
info: Response accepted. {"0":"https://www.oakshotels.com/uploads/minor/oaks/images/australia/new-south-wales/sydney/castlereagh/800x385/new/oaks-on-castlereagh-cafe-800x385.jpg?mw=85","1":200,"2":"image/jpeg","3":{"rss":63344640,"heapTotal":38662144,"heapUsed":31611664,"external":1448604},"4":[10,635396254],"timestamp":"2020-07-29T11:06:19.403Z"}
info: Response accepted. {"0":"https://www.oakshotels.com/uploads/minor/brand-footer-logos/anantara-brand-logo.png?mw=360","1":200,"2":"image/png","3":{"rss":63344640,"heapTotal":38662144,"heapUsed":31650288,"external":1455048},"4":[10,636779969],"timestamp":"2020-07-29T11:06:19.404Z"}
info: Response accepted. {"0":"https://www.oakshotels.com/uploads/minor/brand-footer-logos/minor-logo-new.png?mw=360","1":200,"2":"image/png","3":{"rss":63344640,"heapTotal":38662144,"heapUsed":31688640,"external":1460722},"4":[10,665755583],"timestamp":"2020-07-29T11:06:19.433Z"}
info: Response accepted. {"0":"https://www.oakshotels.com/uploads/minor/oaks/images/homepage/logos/oaks-hotels-resorts-suites-australia.png","1":200,"2":"image/png","3":{"rss":63344640,"heapTotal":38662144,"heapUsed":31778936,"external":1467624},"4":[10,675929938],"timestamp":"2020-07-29T11:06:19.444Z"}
info: Response accepted. {"0":"https://www.oakshotels.com/uploads/minor/oaks/images/australia/new-south-wales/sydney/castlereagh/600x400/2-bedroom-dual-key/jpeg/serviced-apartments-sydney-oaks-on-castlereagh-2-bedroom-dual-key-unit.jpg?mw=720","1":200,"2":"image/jpeg","3":{"rss":63344640,"heapTotal":38662144,"heapUsed":31868560,"external":1497264},"4":[10,680967479],"timestamp":"2020-07-29T11:06:19.449Z"}
info: Response accepted. {"0":"https://www.oakshotels.com/uploads/minor/oaks/images/australia/new-south-wales/sydney/castlereagh/800x385/sydney-city-oaks-on-castlereagh-2-bedroom-apartment-balcony-lifestyle-2.jpg","1":200,"2":"image/jpeg","3":{"rss":63344640,"heapTotal":38662144,"heapUsed":32049144,"external":1552405},"4":[10,688376178],"timestamp":"2020-07-29T11:06:19.456Z"}
info: Response accepted. {"0":"https://www.oakshotels.com/en/uploads/minor/oaks/images/homepage/body-content/phone_icon_45x45.png","1":200,"2":"image/png","3":{"rss":63344640,"heapTotal":38662144,"heapUsed":32298296,"external":1554284},"4":[10,705830556],"timestamp":"2020-07-29T11:06:19.473Z"}
info: Response accepted. {"0":"https://www.oakshotels.com/uploads/minor/brand-footer-logos/elewana-brand-logo.png?mw=360","1":200,"2":"image/png","3":{"rss":63344640,"heapTotal":38662144,"heapUsed":32374232,"external":1560236},"4":[10,715556342],"timestamp":"2020-07-29T11:06:19.483Z"}
info: Response accepted. {"0":"https://www.oakshotels.com/uploads/minor/brand-footer-logos/nh-collection-brand-logo.png?mw=360","1":200,"2":"image/png","3":{"rss":63344640,"heapTotal":38662144,"heapUsed":32448720,"external":1565151},"4":[10,751393411],"timestamp":"2020-07-29T11:06:19.519Z"}
info: Response accepted. {"0":"https://www.oakshotels.com/uploads/minor/brand-footer-logos/nh-hotels-brand-logo.png?mw=360","1":200,"2":"image/png","3":{"rss":63344640,"heapTotal":38662144,"heapUsed":32516664,"external":1567821},"4":[10,765995026],"timestamp":"2020-07-29T11:06:19.534Z"}
info: Response accepted. {"0":"https://www.oakshotels.com/uploads/minor/brand-footer-logos/nhow-brand-logo.png?mw=360","1":200,"2":"image/png","3":{"rss":63344640,"heapTotal":38662144,"heapUsed":32556192,"external":1580454},"4":[10,768103390],"timestamp":"2020-07-29T11:06:19.536Z"}
info: Response accepted. {"0":"https://www.oakshotels.com/uploads/minor/brand-footer-logos/oaks-logo-colored-updated.png?mw=360","1":200,"2":"image/png","3":{"rss":63614976,"heapTotal":38662144,"heapUsed":32595160,"external":1588514},"4":[10,769292390],"timestamp":"2020-07-29T11:06:19.537Z"}
info: Response accepted. {"0":"https://www.oakshotels.com/uploads/minor/brand-footer-logos/avani-brand-logo.png?mw=360","1":200,"2":"image/png","3":{"rss":63614976,"heapTotal":38662144,"heapUsed":32631824,"external":1593734},"4":[10,774701339],"timestamp":"2020-07-29T11:06:19.542Z"}
info: Response accepted. {"0":"https://www.oakshotels.com/uploads/minor/tivoli/logos/tivoli-logo-update.png?mw=360","1":200,"2":"image/png","3":{"rss":63614976,"heapTotal":38662144,"heapUsed":32667080,"external":1599032},"4":[10,783060200],"timestamp":"2020-07-29T11:06:19.551Z"}
info: Response accepted. {"0":"https://www.oakshotels.com/uploads/minor/oaks/images/australia/new-south-wales/sydney/castlereagh/800x385/sydney-city-oaks-on-castlereagh-3-bedroom-apartment-balcony-5.jpg?mw=85","1":200,"2":"image/jpeg","3":{"rss":63614976,"heapTotal":38662144,"heapUsed":32931704,"external":1618637},"4":[11,374445862],"timestamp":"2020-07-29T11:06:20.144Z"}
info: Response accepted. {"0":"https://www.oakshotels.com/uploads/minor/oaks/images/australia/new-south-wales/sydney/castlereagh/800x385/new/oaks-on-castlereagh-1-bedroom-bedroom-refurb--800x385.jpg?mw=85","1":200,"2":"image/jpeg","3":{"rss":63614976,"heapTotal":38662144,"heapUsed":33086200,"external":1646359},"4":[11,397360223],"timestamp":"2020-07-29T11:06:20.165Z"}
info: Response accepted. {"0":"https://www.oakshotels.com/uploads/minor/oaks/images/australia/new-south-wales/sydney/castlereagh/800x385/sydney-city-oaks-on-castlereagh-1-bedroom-apartment-bathroom.jpg?mw=85","1":200,"2":"image/jpeg","3":{"rss":63614976,"heapTotal":38662144,"heapUsed":33217088,"external":1665651},"4":[11,436604345],"timestamp":"2020-07-29T11:06:20.204Z"}
info: Response accepted. {"0":"https://www.oakshotels.com/uploads/minor/oaks/images/australia/new-south-wales/sydney/green-button/guest-service.png?la=en","1":200,"2":"image/png","3":{"rss":63614976,"heapTotal":38662144,"heapUsed":31901832,"external":1443733},"4":[11,476603089],"timestamp":"2020-07-29T11:06:20.244Z"}
info: Response accepted. {"0":"https://www.oakshotels.com/uploads/minor/oaks/images/australia/new-south-wales/sydney/castlereagh/800x385/oaks-on-castlereagh-swimming-pool-spa-jacuzzi.jpg?mw=85","1":200,"2":"image/jpeg","3":{"rss":63614976,"heapTotal":38662144,"heapUsed":31979864,"external":1446705},"4":[11,492410219],"timestamp":"2020-07-29T11:06:20.260Z"}
info: Response accepted. {"0":"https://www.oakshotels.com/uploads/minor/oaks/images/australia/new-south-wales/sydney/castlereagh/800x385/new/oaks-on-castlereagh-gym-2-800x385.jpg?mw=85","1":200,"2":"image/jpeg","3":{"rss":63614976,"heapTotal":38662144,"heapUsed":32160752,"external":1499338},"4":[11,522859856],"timestamp":"2020-07-29T11:06:20.290Z"}
info: Response accepted. {"0":"https://www.oakshotels.com/en/uploads/minor/oaks/images/homepage/body-content/email_icon_45x45.png​","1":200,"2":"image/png","3":{"rss":63700992,"heapTotal":38662144,"heapUsed":32307296,"external":1542476},"4":[11,550944821],"timestamp":"2020-07-29T11:06:20.319Z"}
info: Response accepted. {"0":"https://www.oakshotels.com/uploads/minor/oaks/images/australia/new-south-wales/sydney/castlereagh/800x385/new/oaks-on-castlereagh-surrounds-tram-800x385.jpg?mw=85","1":200,"2":"image/jpeg","3":{"rss":63700992,"heapTotal":38662144,"heapUsed":32407640,"external":1569869},"4":[11,553190578],"timestamp":"2020-07-29T11:06:20.321Z"}
info: Response accepted. {"0":"https://www.oakshotels.com/uploads/minor/oaks/images/australia/new-south-wales/sydney/castlereagh/800x385/sydney-city-oaks-on-castlereagh-1-bedroom-apartment-bathroom.jpg","1":200,"2":"image/jpeg","3":{"rss":63700992,"heapTotal":38662144,"heapUsed":32593312,"external":1644642},"4":[11,576188726],"timestamp":"2020-07-29T11:06:20.344Z"}
info: Response accepted. {"0":"https://www.oakshotels.com/uploads/minor/oaks/images/australia/new-south-wales/sydney/castlereagh/600x400/studio/jpeg/sydney-city-oaks-on-castlereagh-studio-1.jpg?mw=720","1":200,"2":"image/jpeg","3":{"rss":63700992,"heapTotal":38662144,"heapUsed":32714736,"external":1665608},"4":[11,597126951],"timestamp":"2020-07-29T11:06:20.365Z"}
info: Response accepted. {"0":"https://www.oakshotels.com/uploads/minor/oaks/images/australia/new-south-wales/sydney/castlereagh/600x400/studio/jpeg/sydney-city-hotel-apartments-queen-size-bed.jpg?mw=720","1":200,"2":"image/jpeg","3":{"rss":63700992,"heapTotal":38662144,"heapUsed":32867088,"external":1712988},"4":[11,611960798],"timestamp":"2020-07-29T11:06:20.380Z"}
info: Response accepted. {"0":"https://www.oakshotels.com/uploads/minor/oaks/images/australia/new-south-wales/sydney/castlereagh/600x400/3-bedroom-apartment/jpeg/sydney-city-oaks-on-castlereagh-3-bedroom-apartment-balcony-holiday.jpg?mw=720","1":200,"2":"image/jpeg","3":{"rss":63700992,"heapTotal":38662144,"heapUsed":32980600,"external":1731531},"4":[11,620816760],"timestamp":"2020-07-29T11:06:20.388Z"}
info: Response accepted. {"0":"https://www.oakshotels.com/uploads/minor/oaks/images/australia/new-south-wales/sydney/castlereagh/600x400/1-bedroom-apartment/oaks-on-castlereagh-1-bedroom-bedroom-refurb-600x400px.jpg?mw=720","1":200,"2":"image/jpeg","3":{"rss":63700992,"heapTotal":38662144,"heapUsed":33117224,"external":1761292},"4":[11,666575692],"timestamp":"2020-07-29T11:06:20.434Z"}
info: Response accepted. {"0":"https://www.oakshotels.com/uploads/minor/oaks/images/australia/new-south-wales/sydney/castlereagh/600x400/2-bedroom-apartment/oaks-on-castlereagh-2-bedroom-twin-bedroom-refurb-1-600x400px.jpg?mw=720","1":200,"2":"image/jpeg","3":{"rss":63700992,"heapTotal":38662144,"heapUsed":33184024,"external":1781132},"4":[11,667981204],"timestamp":"2020-07-29T11:06:20.436Z"}
info: Response accepted. {"0":"https://www.oakshotels.com/uploads/minor/oaks/images/australia/new-south-wales/sydney/castlereagh/800x385/oaks-on-castlereagh-swimming-pool-spa-jacuzzi.jpg","1":200,"2":"image/jpeg","3":{"rss":63700992,"heapTotal":38924288,"heapUsed":32675376,"external":1441312},"4":[11,690254191],"timestamp":"2020-07-29T11:06:20.458Z"}
info: Response accepted. {"0":"https://www.oakshotels.com/uploads/minor/oaks/images/australia/new-south-wales/sydney/castlereagh/800x385/sydney-city-oaks-on-castlereagh-3-bedroom-apartment-balcony-5.jpg","1":200,"2":"image/jpeg","3":{"rss":63700992,"heapTotal":38924288,"heapUsed":32925000,"external":1502482},"4":[11,710692377],"timestamp":"2020-07-29T11:06:20.479Z"}
info: Response accepted. {"0":"https://www.oakshotels.com/uploads/minor/oaks/images/australia/new-south-wales/sydney/castlereagh/800x385/new/oaks-on-castlereagh-gym-2-800x385.jpg","1":200,"2":"image/jpeg","3":{"rss":63565824,"heapTotal":38924288,"heapUsed":33184672,"external":1576191},"4":[11,725428160],"timestamp":"2020-07-29T11:06:20.493Z"}
info: Response accepted. {"0":"https://www.oakshotels.com/uploads/minor/oaks/images/australia/new-south-wales/sydney/castlereagh/800x385/new/oaks-on-castlereagh-cafe-800x385.jpg","1":200,"2":"image/jpeg","3":{"rss":63565824,"heapTotal":38924288,"heapUsed":33365376,"external":1613257},"4":[11,736606620],"timestamp":"2020-07-29T11:06:20.504Z"}
info: Response accepted. {"0":"https://www.oakshotels.com/uploads/minor/oaks/images/australia/new-south-wales/sydney/castlereagh/800x385/new/oaks-on-castlereagh-1-bedroom-lounge-refurb-2-800x385.jpg?mw=85","1":200,"2":"image/jpeg","3":{"rss":63565824,"heapTotal":38924288,"heapUsed":33411008,"external":1624211},"4":[11,765854534],"timestamp":"2020-07-29T11:06:20.534Z"}
info: Response accepted. {"0":"https://www.oakshotels.com/uploads/minor/oaks/images/australia/new-south-wales/sydney/castlereagh/800x385/new/oaks-on-castlereagh-2-bedroom-twin-bedroom-refurb-2-800x385.jpg?mw=85","1":200,"2":"image/jpeg","3":{"rss":63565824,"heapTotal":38924288,"heapUsed":33443952,"external":1635014},"4":[11,768156458],"timestamp":"2020-07-29T11:06:20.536Z"}
info: Response accepted. {"0":"https://www.oakshotels.com/uploads/minor/oaks/images/australia/new-south-wales/sydney/castlereagh/800x385/new/oaks-on-castlereagh-surrounds-tram-800x385.jpg","1":200,"2":"image/jpeg","3":{"rss":63565824,"heapTotal":38924288,"heapUsed":33732960,"external":1678230},"4":[11,781675833],"timestamp":"2020-07-29T11:06:20.549Z"}
info: Response accepted. {"0":"https://www.oakshotels.com/uploads/minor/oaks/images/australia/new-south-wales/sydney/castlereagh/800x385/sydney-city-oaks-on-castlereagh-2-bedroom-apartment-balcony-lifestyle-2.jpg?mw=85","1":200,"2":"image/jpeg","3":{"rss":63565824,"heapTotal":38924288,"heapUsed":33815768,"external":1681283},"4":[11,818151911],"timestamp":"2020-07-29T11:06:20.586Z"}
info: Response accepted. {"0":"https://www.oakshotels.com/uploads/minor/oaks/images/australia/new-south-wales/sydney/castlereagh/800x385/new/oaks-on-castlereagh-1-bedroom-bedroom-refurb--800x385.jpg","1":200,"2":"image/jpeg","3":{"rss":63832064,"heapTotal":43642880,"heapUsed":33204992,"external":1449420},"4":[11,854092131],"timestamp":"2020-07-29T11:06:20.622Z"}
info: Response accepted. {"0":"https://www.oakshotels.com/uploads/minor/oaks/images/australia/new-south-wales/sydney/castlereagh/600x400/1-bedroom-apartment/jpeg/oaks-on-castlereagh-hotel-1-bedroom-apartment-balcony-view.jpg?mw=720","1":200,"2":"image/jpeg","3":{"rss":63840256,"heapTotal":43642880,"heapUsed":33336600,"external":1463279},"4":[11,877322768],"timestamp":"2020-07-29T11:06:20.645Z"}
info: Response accepted. {"0":"https://www.oakshotels.com/uploads/minor/oaks/images/australia/new-south-wales/sydney/castlereagh/800x385/new/oaks-on-castlereagh-1-bedroom-lounge-refurb-2-800x385.jpg","1":200,"2":"image/jpeg","3":{"rss":63635456,"heapTotal":43642880,"heapUsed":33664672,"external":1605315},"4":[12,137410563],"timestamp":"2020-07-29T11:06:20.905Z"}
info: Response accepted. {"0":"https://www.oakshotels.com/uploads/minor/oaks/images/australia/new-south-wales/sydney/castlereagh/pinterest/kangaroo-feeding-sydney.jpg","1":200,"2":"image/jpeg","3":{"rss":63635456,"heapTotal":43642880,"heapUsed":33820216,"external":1630778},"4":[12,145299801],"timestamp":"2020-07-29T11:06:20.913Z"}
info: Response accepted. {"0":"https://www.oakshotels.com/uploads/minor/oaks/images/australia/new-south-wales/sydney/castlereagh/800x385/new/oaks-on-castlereagh-2-bedroom-twin-bedroom-refurb-2-800x385.jpg","1":200,"2":"image/jpeg","3":{"rss":63635456,"heapTotal":43642880,"heapUsed":33946352,"external":1636910},"4":[12,147090371],"timestamp":"2020-07-29T11:06:20.915Z"}
info: Response accepted. {"0":"https://cdn.polyfill.io/v2/polyfill.min.js","1":200,"2":"text/javascript; charset=utf-8","3":{"rss":68198400,"heapTotal":44691456,"heapUsed":34639928,"external":1899372},"4":[13,275978664],"timestamp":"2020-07-29T11:06:22.044Z"}
info: Response accepted. {"0":"https://www.oakshotels.com/assets/minor/oaks/js/vendor/modernizr.min.js","1":200,"2":"application/javascript","3":{"rss":68198400,"heapTotal":44691456,"heapUsed":34693848,"external":1915770},"4":[13,376021743],"timestamp":"2020-07-29T11:06:22.144Z"}
info: Response accepted. {"0":"https://www.oakshotels.com/layouts/system/VisitorIdentification.js","1":200,"2":"application/javascript","3":{"rss":68198400,"heapTotal":44691456,"heapUsed":34706792,"external":1915770},"4":[13,379246193],"timestamp":"2020-07-29T11:06:22.147Z"}
info: Response accepted. {"0":"https://www.oakshotels.com/assets/minor/oaks/js/NoConflict.js","1":200,"2":"application/javascript","3":{"rss":68435968,"heapTotal":44691456,"heapUsed":31758528,"external":1900281},"4":[13,585122731],"timestamp":"2020-07-29T11:06:22.353Z"}
info: Response accepted. {"0":"https://secure.minorhotels.com/javascripts/login.js","1":200,"2":"application/javascript","3":{"rss":68706304,"heapTotal":44691456,"heapUsed":32273288,"external":2221116},"4":[13,676242424],"timestamp":"2020-07-29T11:06:22.444Z"}
info: Response accepted. {"0":"https://secure.minorhotels.com/javascripts/porthole.min.js","1":200,"2":"application/javascript","3":{"rss":68706304,"heapTotal":44691456,"heapUsed":32291296,"external":2221116},"4":[13,677015380],"timestamp":"2020-07-29T11:06:22.445Z"}
info: Response accepted. {"0":"https://www.oakshotels.com/assets/minor/oaks/28.0/js/main.js","1":200,"2":"application/javascript","3":{"rss":68706304,"heapTotal":44691456,"heapUsed":32303104,"external":2221116},"4":[13,677454982],"timestamp":"2020-07-29T11:06:22.449Z"}
info: Response accepted. {"0":"https://www.oakshotels.com/assets/minor/oaks/js/vendor/jquery-1.11.3.min.js","1":200,"2":"application/javascript","3":{"rss":68706304,"heapTotal":44691456,"heapUsed":32612696,"external":2411762},"4":[13,690627333],"timestamp":"2020-07-29T11:06:22.458Z"}
info: Response accepted. {"0":"https://s7.addthis.com/js/300/addthis_widget.js#pubid=ra-56d564b4f7d02660","1":200,"2":"application/javascript","3":{"rss":68886528,"heapTotal":45056000,"heapUsed":33011352,"external":2428146},"4":[13,692099979],"timestamp":"2020-07-29T11:06:22.460Z"}
info: Response accepted. {"0":"https://cdnjs.cloudflare.com/ajax/libs/jquery-validate/1.17.0/jquery.validate.min.js","1":200,"2":"application/javascript; charset=utf-8","3":{"rss":68886528,"heapTotal":45056000,"heapUsed":33199392,"external":2510066},"4":[13,696025643],"timestamp":"2020-07-29T11:06:22.464Z"}
info: Response accepted. {"0":"https://www.oakshotels.com/assets/minor/oaks/28.0/js/modules.js","1":200,"2":"application/javascript","3":{"rss":69156864,"heapTotal":45228032,"heapUsed":33598976,"external":2680874},"4":[13,763766418],"timestamp":"2020-07-29T11:06:22.531Z"}
info: Response accepted. {"0":"https://www.oakshotels.com/assets/minor/oaks/28.0/js/plugins.js","1":200,"2":"application/javascript","3":{"rss":70238208,"heapTotal":46206976,"heapUsed":35415808,"external":3474506},"4":[13,822253109],"timestamp":"2020-07-29T11:06:22.590Z"}
info: Response accepted. {"0":"https://www.oakshotels.com/assets/minor/oaks/28.0/css/global-ltr.min.css","1":200,"2":"text/css","3":{"rss":71163904,"heapTotal":46383104,"heapUsed":36463160,"external":3695615},"4":[14,85202001],"timestamp":"2020-07-29T11:06:22.853Z"}
info: Response accepted. {"0":"https://www.oakshotels.com/uploads/minor/oaks/images/favicons/oaks-hotels-favicon.ico","1":200,"2":"image/x-icon","3":{"rss":70905856,"heapTotal":46383104,"heapUsed":35373608,"external":1658083},"4":[14,243422179],"timestamp":"2020-07-29T11:06:23.011Z"}
info: Response accepted. {"0":"https://www.oakshotels.com/uploads/minor/oaks/images/australia/new-south-wales/sydney/castlereagh/600x400/1-bedroom-apartment/oaks-on-castlereagh-1-bedroom-bedroom-refurb-600x400px.jpg","1":200,"2":"image/jpeg","3":{"rss":70905856,"heapTotal":46383104,"heapUsed":36349896,"external":1688045},"4":[14,401139561],"timestamp":"2020-07-29T11:06:23.169Z"}
info: Response rejected. {"0":"https://www.tripadvisor.com/WidgetEmbed-cdspropertysummary?locationId=1176568&partnerId=CA4DE3C0F0BF4FC5935B969ABCF3AEC4&lang=en&display=true","1":200,"2":"text/html;charset=UTF-8","3":{"rss":71913472,"heapTotal":47693824,"heapUsed":37262544,"external":1689066},"4":[15,156711517],"timestamp":"2020-07-29T11:06:23.924Z"}
info: Response rejected. {"0":"https://secure.minorhotels.com/MyPrivilege.aspx?language=en&bc=OH","1":200,"2":"text/html; charset=utf-8","3":{"rss":71913472,"heapTotal":47693824,"heapUsed":37399944,"external":1727344},"4":[15,245964787],"timestamp":"2020-07-29T11:06:24.014Z"}
info: Response accepted. {"0":"https://www.oakshotels.com/uploads/minor/oaks/assets/surestay-compendiums/oaks-castlereagh-compendium-digi.pdf?la=en","1":200,"2":"application/pdf","3":{"rss":78360576,"heapTotal":49020928,"heapUsed":38072616,"external":2337997},"4":[19,401769120],"timestamp":"2020-07-29T11:06:28.169Z"}
info: Response accepted. {"0":"https://www.oakshotels.com/uploads/minor/oaks/documents/hotels/new-south-wales/oaks-on-castlereagh-sydney-central/guest-service/cst3262-castlereagh-room-compendium-lr.pdf?la=en","1":200,"2":"application/pdf","3":{"rss":80785408,"heapTotal":50364416,"heapUsed":40894704,"external":3441126},"4":[19,664025047],"timestamp":"2020-07-29T11:06:28.432Z"}
info: Response accepted. {"0":"https://www.oakshotels.com/uploads/minor/oaks/documents/hotels/new-south-wales/oaks-on-castlereagh-sydney-central/fact-sheet/castlereagh-fact-sheet-2019.pdf","1":200,"2":"application/pdf","3":{"rss":81596416,"heapTotal":50798592,"heapUsed":39558760,"external":1804804},"4":[19,784333407],"timestamp":"2020-07-29T11:06:28.552Z"}
info: Response rejected. {"0":"https://t.co/dw27M4bf0D","1":200,"2":"text/html; charset=utf-8","3":{"rss":81596416,"heapTotal":50798592,"heapUsed":40187256,"external":1840173},"4":[19,868928215],"timestamp":"2020-07-29T11:06:28.637Z"}
info: Response rejected. {"0":"https://www.nh-hotels.com/","1":200,"2":"text/html;charset=UTF-8","3":{"rss":81596416,"heapTotal":50974720,"heapUsed":39609760,"external":1797479},"4":[19,983688903],"timestamp":"2020-07-29T11:06:28.751Z"}
info: Response rejected. {"0":"https://twitter.com/Oaks_Hotels","1":200,"2":"text/html; charset=utf-8","3":{"rss":81596416,"heapTotal":50974720,"heapUsed":39696864,"external":1797479},"4":[19,984539661],"timestamp":"2020-07-29T11:06:28.752Z"}
info: Response rejected. {"0":"https://twitter.com/oaks_hotels","1":200,"2":"text/html; charset=utf-8","3":{"rss":81596416,"heapTotal":50974720,"heapUsed":39756792,"external":1797479},"4":[19,985191311],"timestamp":"2020-07-29T11:06:28.753Z"}
info: Response rejected. {"0":"https://www.instagram.com/accounts/login/?next=/oaks_hotels/","1":200,"2":"text/html; charset=utf-8","3":{"rss":81596416,"heapTotal":50974720,"heapUsed":39966920,"external":1863015},"4":[19,997817264],"timestamp":"2020-07-29T11:06:28.765Z"}
info: Response rejected. {"0":"https://www.facebook.com/OaksHotels/app/190076381016644/","1":200,"2":"text/html; charset=\"utf-8\"","3":{"rss":81866752,"heapTotal":51142656,"heapUsed":40289824,"external":1997053},"4":[20,16950597],"timestamp":"2020-07-29T11:06:28.785Z"}
info: Response rejected. {"0":"https://www.tripadvisor.com/WidgetEmbed-cdspropertydetail?locationId=1176568&partnerId=CA4DE3C0F0BF4FC5935B969ABCF3AEC4&lang=en&display=true","1":200,"2":"text/html;charset=UTF-8","3":{"rss":81866752,"heapTotal":51142656,"heapUsed":41574784,"external":2202359},"4":[20,209536620],"timestamp":"2020-07-29T11:06:28.977Z"}
info: Response rejected. {"0":"https://www.google.com.au/maps/place/317+Castlereagh+St,+Haymarket+NSW+2000/@-33.879384,151.2059442,17z/data=!3m1!4b1!4m5!3m4!1s0x6b12ae22c609715d:0xe1121dd9a8d45d70!8m2!3d-33.879384!4d151.2081382","1":200,"2":"text/html; charset=UTF-8","3":{"rss":82395136,"heapTotal":51658752,"heapUsed":42707344,"external":2669493},"4":[20,267538493],"timestamp":"2020-07-29T11:06:29.035Z"}
info: Response rejected. {"0":"https://www.oakshotels.com/en","1":200,"2":"text/html; charset=utf-8","3":{"rss":83402752,"heapTotal":52854784,"heapUsed":44874312,"external":2402266},"4":[20,764620746],"timestamp":"2020-07-29T11:06:29.532Z"}
info: Response rejected. {"0":"https://www.capitoltheatre.com.au/","1":200,"2":"text/html; charset=utf-8","3":{"rss":83415040,"heapTotal":53116928,"heapUsed":42762280,"external":2219271},"4":[20,863932642],"timestamp":"2020-07-29T11:06:29.632Z"}
info: Response rejected. {"0":"https://www.nh-collection.com/en","1":200,"2":"text/html;charset=UTF-8","3":{"rss":83415040,"heapTotal":53260288,"heapUsed":44358744,"external":2495301},"4":[20,976848052],"timestamp":"2020-07-29T11:06:29.744Z"}
info: Response rejected. {"0":"https://www.avanihotels.com/en/","1":200,"2":"text/html; charset=utf-8","3":{"rss":84217856,"heapTotal":53735424,"heapUsed":45875192,"external":3396428},"4":[21,5914371],"timestamp":"2020-07-29T11:06:29.774Z"}
info: Response rejected. {"0":"https://www.elewanacollection.com/","1":200,"2":"text/html; charset=utf-8","3":{"rss":85024768,"heapTotal":54411264,"heapUsed":44388032,"external":2337853},"4":[21,104693825],"timestamp":"2020-07-29T11:06:29.872Z"}
info: Response rejected. {"0":"https://www.facebook.com/OaksHotels/","1":200,"2":"text/html; charset=\"utf-8\"","3":{"rss":87187456,"heapTotal":56385536,"heapUsed":48739728,"external":4546885},"4":[21,264579247],"timestamp":"2020-07-29T11:06:30.032Z"}
info: Response rejected. {"0":"https://gifts.oakshotels.com/","1":200,"2":"text/html","3":{"rss":88809472,"heapTotal":57958400,"heapUsed":48636608,"external":2294889},"4":[21,380788638],"timestamp":"2020-07-29T11:06:30.148Z"}
info: Response rejected. {"0":"https://www.oakshotels.com/en/500?aspxerrorpath=/en/privacy","1":500,"2":"text/html; charset=utf-8","3":{"rss":88809472,"heapTotal":57958400,"heapUsed":48877336,"external":2534492},"4":[21,602784818],"timestamp":"2020-07-29T11:06:30.370Z"}
info: Response rejected. {"0":"https://www.oakshotels.com/en/500?aspxerrorpath=/en/oaks-on-castlereagh/offers","1":500,"2":"text/html; charset=utf-8","3":{"rss":88809472,"heapTotal":57958400,"heapUsed":48894976,"external":2534492},"4":[21,603640252],"timestamp":"2020-07-29T11:06:30.371Z"}
info: Response rejected. {"0":"https://www.oakshotels.com/en/500?aspxerrorpath=/en/resorts","1":500,"2":"text/html; charset=utf-8","3":{"rss":85282816,"heapTotal":53944320,"heapUsed":38608312,"external":2278458},"4":[21,891972625],"timestamp":"2020-07-29T11:06:30.660Z"}
info: Response rejected. {"0":"https://www.oakshotels.com/en/500?aspxerrorpath=/en/australia/queensland/hervey-bay","1":500,"2":"text/html; charset=utf-8","3":{"rss":85282816,"heapTotal":53944320,"heapUsed":38617896,"external":2278458},"4":[21,892648652],"timestamp":"2020-07-29T11:06:30.660Z"}
info: Response rejected. {"0":"https://www.oakshotels.com/en/500?aspxerrorpath=/en/uae/dubai","1":500,"2":"text/html; charset=utf-8","3":{"rss":85282816,"heapTotal":53944320,"heapUsed":38627072,"external":2278458},"4":[21,893087214],"timestamp":"2020-07-29T11:06:30.661Z"}
info: Response rejected. {"0":"https://www.oakshotels.com/en/500?aspxerrorpath=/en/australia/new-south-wales/hunter-valley","1":500,"2":"text/html; charset=utf-8","3":{"rss":85282816,"heapTotal":53944320,"heapUsed":38743256,"external":2368771},"4":[21,904315008],"timestamp":"2020-07-29T11:06:30.672Z"}
info: Response rejected. {"0":"https://www.oakshotels.com/en/500?aspxerrorpath=/en/contact-oaks-hotels","1":500,"2":"text/html; charset=utf-8","3":{"rss":85282816,"heapTotal":53944320,"heapUsed":38752440,"external":2368771},"4":[21,904813595],"timestamp":"2020-07-29T11:06:30.672Z"}
info: Response rejected. {"0":"https://www.oakshotels.com/en/500?aspxerrorpath=/en/suites","1":500,"2":"text/html; charset=utf-8","3":{"rss":85282816,"heapTotal":53944320,"heapUsed":38761608,"external":2368771},"4":[21,905209225],"timestamp":"2020-07-29T11:06:30.673Z"}
info: Response rejected. {"0":"https://www.oakshotels.com/en/500?aspxerrorpath=/en/about-us","1":500,"2":"text/html; charset=utf-8","3":{"rss":85024768,"heapTotal":53944320,"heapUsed":38998640,"external":2550829},"4":[21,913028404],"timestamp":"2020-07-29T11:06:30.681Z"}
info: Response rejected. {"0":"https://www.nhow-hotels.com/en/","1":200,"2":"text/html; charset=UTF-8","3":{"rss":85024768,"heapTotal":53944320,"heapUsed":39262024,"external":2616365},"4":[22,2704468],"timestamp":"2020-07-29T11:06:30.770Z"}
info: Response rejected. {"0":"https://www.oakshotels.com/en/500?aspxerrorpath=/en/","1":500,"2":"text/html; charset=utf-8","3":{"rss":85024768,"heapTotal":53944320,"heapUsed":39517528,"external":2820281},"4":[22,29806749],"timestamp":"2020-07-29T11:06:30.797Z"}
info: Response rejected. {"0":"https://www.oakshotels.com/en/500?aspxerrorpath=/en/hotels","1":500,"2":"text/html; charset=utf-8","3":{"rss":85024768,"heapTotal":53944320,"heapUsed":39527376,"external":2828473},"4":[22,30379018],"timestamp":"2020-07-29T11:06:30.798Z"}
info: Response rejected. {"0":"https://www.oakshotels.com/en/500?aspxerrorpath=/en/uae","1":500,"2":"text/html; charset=utf-8","3":{"rss":85024768,"heapTotal":53944320,"heapUsed":39536592,"external":2828473},"4":[22,30822518],"timestamp":"2020-07-29T11:06:30.798Z"}
info: Response rejected. {"0":"https://www.oakshotels.com/en/500?aspxerrorpath=/en/australia/queensland/sunshine-coast","1":500,"2":"text/html; charset=utf-8","3":{"rss":85024768,"heapTotal":53944320,"heapUsed":39545744,"external":2828473},"4":[22,31371789],"timestamp":"2020-07-29T11:06:30.799Z"}
info: Response rejected. {"0":"https://www.oakshotels.com/en/500?aspxerrorpath=/en/australia/queensland/brisbane","1":500,"2":"text/html; charset=utf-8","3":{"rss":85024768,"heapTotal":53944320,"heapUsed":39741064,"external":2977756},"4":[22,66581500],"timestamp":"2020-07-29T11:06:30.834Z"}
info: Response rejected. {"0":"https://www.anantara.com/en/","1":200,"2":"text/html; charset=utf-8","3":{"rss":85278720,"heapTotal":54337536,"heapUsed":40659480,"external":3444708},"4":[22,101378725],"timestamp":"2020-07-29T11:06:30.869Z"}
info: Response rejected. {"0":"https://www.oakshotels.com.cn/oaks-on-castlereagh","1":200,"2":"text/html; charset=utf-8","3":{"rss":85901312,"heapTotal":54517760,"heapUsed":41314176,"external":3866204},"4":[22,170932425],"timestamp":"2020-07-29T11:06:30.939Z"}
info: Response rejected. {"0":"https://www.tivolihotels.com/en/","1":200,"2":"text/html; charset=utf-8","3":{"rss":86237184,"heapTotal":55164928,"heapUsed":42320296,"external":4144732},"4":[22,186918059],"timestamp":"2020-07-29T11:06:30.955Z"}
info: Response rejected. {"0":"https://www.youtube.com/user/OaksHotelsResorts?gl=SG&hl=en-GB","1":200,"2":"text/html; charset=utf-8","3":{"rss":86499328,"heapTotal":55459840,"heapUsed":42833064,"external":4323717},"4":[22,211662548],"timestamp":"2020-07-29T11:06:30.979Z"}
info: Response rejected. {"0":"https://www.facebook.com/OaksHotels","1":200,"2":"text/html; charset=\"utf-8\"","3":{"rss":88391680,"heapTotal":57450496,"heapUsed":45032336,"external":4487557},"4":[22,280265722],"timestamp":"2020-07-29T11:06:31.048Z"}
info: Response rejected. {"0":"https://www.oakshotels.com/en/500?aspxerrorpath=/en/blogs","1":500,"2":"text/html; charset=utf-8","3":{"rss":88391680,"heapTotal":57450496,"heapUsed":45067256,"external":4505768},"4":[22,415184616],"timestamp":"2020-07-29T11:06:31.183Z"}
info: Response rejected. {"0":"https://www.minorhotels.com/en/","1":200,"2":"text/html; charset=utf-8","3":{"rss":88391680,"heapTotal":57450496,"heapUsed":44191928,"external":1977104},"4":[24,338562441],"timestamp":"2020-07-29T11:06:33.106Z"}
info: Response rejected. {"0":"https://www.oakshotels.com/en/australia/queensland/toowoomba","1":200,"2":"text/html; charset=utf-8","3":{"rss":88391680,"heapTotal":57450496,"heapUsed":44573136,"external":2125789},"4":[26,217249762],"timestamp":"2020-07-29T11:06:34.985Z"}
info: Response rejected. {"0":"https://www.oakshotels.com/en/australia/new-south-wales/sydney","1":200,"2":"text/html; charset=utf-8","3":{"rss":88391680,"heapTotal":57450496,"heapUsed":44887984,"external":2275671},"4":[29,656592280],"timestamp":"2020-07-29T11:06:38.424Z"}
info: Response rejected. {"0":"https://www.oakshotels.com/en/weddings","1":200,"2":"text/html; charset=utf-8","3":{"rss":88391680,"heapTotal":57450496,"heapUsed":45190000,"external":2425844},"4":[31,170132648],"timestamp":"2020-07-29T11:06:39.938Z"}
info: Response rejected. {"0":"https://www.oakshotels.com/en/press-releases","1":200,"2":"text/html; charset=utf-8","3":{"rss":88662016,"heapTotal":51421184,"heapUsed":45218064,"external":2042700},"4":[32,783818905],"timestamp":"2020-07-29T11:06:41.551Z"}
info: Response rejected. {"0":"https://www.oakshotels.com/en/australia/new-south-wales/kingscliff","1":200,"2":"text/html; charset=utf-8","3":{"rss":88662016,"heapTotal":51421184,"heapUsed":45497320,"external":2174667},"4":[33,725469840],"timestamp":"2020-07-29T11:06:42.493Z"}
info: Response rejected. {"0":"https://www.oakshotels.com/en/terms-and-conditions","1":200,"2":"text/html; charset=utf-8","3":{"rss":88662016,"heapTotal":51421184,"heapUsed":45903112,"external":2327041},"4":[35,216283366],"timestamp":"2020-07-29T11:06:43.984Z"}
info: Response rejected. {"0":"https://www.oakshotels.com/en/india/bodhgaya","1":200,"2":"text/html; charset=utf-8","3":{"rss":88662016,"heapTotal":51421184,"heapUsed":46178640,"external":2458922},"4":[36,507451158],"timestamp":"2020-07-29T11:06:45.276Z"}
info: Response rejected. {"0":"https://www.oakshotels.com/en/australia/queensland/cairns","1":200,"2":"text/html; charset=utf-8","3":{"rss":89706496,"heapTotal":52469760,"heapUsed":46363904,"external":2133739},"4":[37,644950564],"timestamp":"2020-07-29T11:06:46.413Z"}
info: Response rejected. {"0":"https://www.oakshotels.com/en/careers","1":200,"2":"text/html; charset=utf-8","3":{"rss":89714688,"heapTotal":52469760,"heapUsed":46649440,"external":2265302},"4":[39,211034275],"timestamp":"2020-07-29T11:06:47.979Z"}
info: Response rejected. {"0":"https://www.oakshotels.com/en/new-zealand/queenstown","1":200,"2":"text/html; charset=utf-8","3":{"rss":89714688,"heapTotal":52469760,"heapUsed":46933120,"external":2414280},"4":[40,320704650],"timestamp":"2020-07-29T11:06:49.088Z"}
info: Response rejected. {"0":"https://www.oakshotels.com/en/australia/queensland/port-douglas","1":200,"2":"text/html; charset=utf-8","3":{"rss":89714688,"heapTotal":52469760,"heapUsed":47232184,"external":2563515},"4":[43,668170477],"timestamp":"2020-07-29T11:06:52.436Z"}
info: Response rejected. {"0":"https://www.oakshotels.com/en/australia/new-south-wales/port-stephens","1":200,"2":"text/html; charset=utf-8","3":{"rss":77520896,"heapTotal":39264256,"heapUsed":35373768,"external":1627488},"4":[47,217863940],"timestamp":"2020-07-29T11:06:55.986Z"}
info: Response rejected. {"0":"https://www.oakshotels.com/en/oaks-on-castlereagh/rooms/#studio","1":200,"2":"text/html; charset=utf-8","3":{"rss":77520896,"heapTotal":39419904,"heapUsed":35761448,"external":1813774},"4":[48,677338165],"timestamp":"2020-07-29T11:06:57.445Z"}
info: Response rejected. {"0":"https://www.oakshotels.com/en/experiences","1":200,"2":"text/html; charset=utf-8","3":{"rss":77676544,"heapTotal":39419904,"heapUsed":36042928,"external":1944628},"4":[50,180968271],"timestamp":"2020-07-29T11:06:58.949Z"}
info: Response rejected. {"0":"https://www.oakshotels.com/en/offers","1":200,"2":"text/html; charset=utf-8","3":{"rss":77684736,"heapTotal":39419904,"heapUsed":36047704,"external":1552306},"4":[51,443925263],"timestamp":"2020-07-29T11:07:00.212Z"}
info: Response rejected. {"0":"https://www.oakshotels.com/en/australia/queensland/moranbah","1":200,"2":"text/html; charset=utf-8","3":{"rss":78426112,"heapTotal":39682048,"heapUsed":36289056,"external":1569937},"4":[54,919961304],"timestamp":"2020-07-29T11:07:03.688Z"}
info: Response rejected. {"0":"https://www.oakshotels.com/en/australia/new-south-wales/the-entrance","1":200,"2":"text/html; charset=utf-8","3":{"rss":78426112,"heapTotal":39682048,"heapUsed":36588200,"external":1719208},"4":[58,461449880],"timestamp":"2020-07-29T11:07:07.229Z"}
info: Response rejected. {"0":"https://www.oakshotels.com/en/500?aspxerrorpath=/en/australia","1":500,"2":"text/html; charset=utf-8","3":{"rss":78741504,"heapTotal":39944192,"heapUsed":37137272,"external":1597560},"4":[78,804246146],"timestamp":"2020-07-29T11:07:27.572Z"}
info: Response rejected. {"0":"https://www.oakshotels.com/en/500?aspxerrorpath=/en/mint-residential","1":500,"2":"text/html; charset=utf-8","3":{"rss":79237120,"heapTotal":40206336,"heapUsed":37146616,"external":1612765},"4":[79,241641217],"timestamp":"2020-07-29T11:07:28.009Z"}
info: Response rejected. {"0":"https://www.oakshotels.com/en/500?aspxerrorpath=/en/qatar/doha","1":500,"2":"text/html; charset=utf-8","3":{"rss":79265792,"heapTotal":40206336,"heapUsed":37024224,"external":1637407},"4":[79,528880149],"timestamp":"2020-07-29T11:07:28.297Z"}
info: Response rejected. {"0":"https://www.oakshotels.com/en/500?aspxerrorpath=/en/invest-with-oaks","1":500,"2":"text/html; charset=utf-8","3":{"rss":79273984,"heapTotal":40206336,"heapUsed":37470744,"external":1656803},"4":[79,886951370],"timestamp":"2020-07-29T11:07:28.655Z"}
info: Response rejected. {"0":"https://www.oakshotels.com/en/500?aspxerrorpath=/en/australia/queensland/ipswich","1":500,"2":"text/html; charset=utf-8","3":{"rss":78888960,"heapTotal":40206336,"heapUsed":37210168,"external":1670200},"4":[80,242581580],"timestamp":"2020-07-29T11:07:29.010Z"}
info: Response rejected. {"0":"https://www.oakshotels.com/en/500?aspxerrorpath=/en/uae/abu-dhabi","1":500,"2":"text/html; charset=utf-8","3":{"rss":78888960,"heapTotal":40206336,"heapUsed":37272368,"external":1706622},"4":[80,248147970],"timestamp":"2020-07-29T11:07:29.016Z"}
info: Response rejected. {"0":"https://www.oakshotels.com/en/500?aspxerrorpath=/en/qatar","1":500,"2":"text/html; charset=utf-8","3":{"rss":78888960,"heapTotal":40206336,"heapUsed":37282648,"external":1706622},"4":[80,248606303],"timestamp":"2020-07-29T11:07:29.016Z"}
info: Response rejected. {"0":"https://www.oakshotels.com/en/500?aspxerrorpath=/en/australia/western-australia/broome","1":500,"2":"text/html; charset=utf-8","3":{"rss":78888960,"heapTotal":40206336,"heapUsed":37736656,"external":1725968},"4":[80,292547830],"timestamp":"2020-07-29T11:07:29.060Z"}
info: Response rejected. {"0":"https://www.oakshotels.com/en/500?aspxerrorpath=/en/media-enquiries","1":500,"2":"text/html; charset=utf-8","3":{"rss":78655488,"heapTotal":40206336,"heapUsed":37662240,"external":1755119},"4":[80,341905370],"timestamp":"2020-07-29T11:07:29.110Z"}
info: Response rejected. {"0":"https://www.oakshotels.com/en/500?aspxerrorpath=/en/australia/south-australia/adelaide","1":500,"2":"text/html; charset=utf-8","3":{"rss":78655488,"heapTotal":40206336,"heapUsed":37677424,"external":1755126},"4":[80,368371859],"timestamp":"2020-07-29T11:07:29.136Z"}
info: Response rejected. {"0":"https://www.oakshotels.com/en/500?aspxerrorpath=/en/india","1":500,"2":"text/html; charset=utf-8","3":{"rss":78663680,"heapTotal":40468480,"heapUsed":37205856,"external":1767585},"4":[80,420367918],"timestamp":"2020-07-29T11:07:29.188Z"}
info: Response rejected. {"0":"https://www.oakshotels.com/en/500?aspxerrorpath=/en/oaks-sure-stay","1":500,"2":"text/html; charset=utf-8","3":{"rss":78663680,"heapTotal":40468480,"heapUsed":37247008,"external":1785796},"4":[80,423564762],"timestamp":"2020-07-29T11:07:29.191Z"}
info: Response rejected. {"0":"https://www.oakshotels.com/en/500?aspxerrorpath=/en/events","1":500,"2":"text/html; charset=utf-8","3":{"rss":78663680,"heapTotal":40468480,"heapUsed":37287032,"external":1804007},"4":[80,470002434],"timestamp":"2020-07-29T11:07:29.238Z"}
info: Response rejected. {"0":"https://www.oakshotels.com/en/500?aspxerrorpath=/en/australia/queensland/gold-coast","1":500,"2":"text/html; charset=utf-8","3":{"rss":78667776,"heapTotal":40468480,"heapUsed":37330624,"external":1822218},"4":[80,483994183],"timestamp":"2020-07-29T11:07:29.252Z"}
info: Response rejected. {"0":"https://www.oakshotels.com/en/500?aspxerrorpath=/en/awards","1":500,"2":"text/html; charset=utf-8","3":{"rss":78680064,"heapTotal":40468480,"heapUsed":37763624,"external":1841428},"4":[80,500149744],"timestamp":"2020-07-29T11:07:29.268Z"}
info: Response rejected. {"0":"https://www.oakshotels.com/en/500?aspxerrorpath=/en/australia/queensland/townsville","1":500,"2":"text/html; charset=utf-8","3":{"rss":78680064,"heapTotal":40468480,"heapUsed":37812496,"external":1859828},"4":[80,550153635],"timestamp":"2020-07-29T11:07:29.318Z"}
info: Response rejected. {"0":"https://www.oakshotels.com/en/500?aspxerrorpath=/en/australia/victoria/melbourne","1":500,"2":"text/html; charset=utf-8","3":{"rss":78680064,"heapTotal":40468480,"heapUsed":37851096,"external":1878039},"4":[80,642634829],"timestamp":"2020-07-29T11:07:29.410Z"}
info: Response rejected. {"0":"https://www.oakshotels.com/en/500?aspxerrorpath=/en/press-releases/important-covid-19-update","1":500,"2":"text/html; charset=utf-8","3":{"rss":78352384,"heapTotal":40468480,"heapUsed":37892856,"external":1896250},"4":[80,670902780],"timestamp":"2020-07-29T11:07:29.439Z"}
info: Response rejected. {"0":"https://www.oakshotels.com/en/500?aspxerrorpath=/en/australia/queensland/redcliffe","1":500,"2":"text/html; charset=utf-8","3":{"rss":77918208,"heapTotal":41779200,"heapUsed":37427824,"external":1899739},"4":[80,775879582],"timestamp":"2020-07-29T11:07:29.544Z"}
info: Response rejected. {"0":"https://www.oakshotels.com/en/500?aspxerrorpath=/en/sitemap","1":500,"2":"text/html; charset=utf-8","3":{"rss":77918208,"heapTotal":41779200,"heapUsed":37510360,"external":1954365},"4":[80,892781477],"timestamp":"2020-07-29T11:07:29.660Z"}
info: Response rejected. {"0":"https://www.oakshotels.com/en/500?aspxerrorpath=/en/long-stays","1":500,"2":"text/html; charset=utf-8","3":{"rss":77918208,"heapTotal":41779200,"heapUsed":37523352,"external":1954372},"4":[80,893573761],"timestamp":"2020-07-29T11:07:29.661Z"}
info: Response rejected. {"0":"https://www.oakshotels.com/en/500?aspxerrorpath=/en/partners","1":500,"2":"text/html; charset=utf-8","3":{"rss":77918208,"heapTotal":41779200,"heapUsed":37533824,"external":1954372},"4":[80,894165816],"timestamp":"2020-07-29T11:07:29.662Z"}
info: Response rejected. {"0":"https://www.oakshotels.com/en/500?aspxerrorpath=/en/australia/northern-territory/darwin","1":500,"2":"text/html; charset=utf-8","3":{"rss":77918208,"heapTotal":41779200,"heapUsed":37575848,"external":1972583},"4":[80,931956308],"timestamp":"2020-07-29T11:07:29.700Z"}
info: Response rejected. {"0":"https://www.oakshotels.com/en/500?aspxerrorpath=/en/myoaks","1":500,"2":"text/html; charset=utf-8","3":{"rss":76812288,"heapTotal":41779200,"heapUsed":37615416,"external":1990747},"4":[81,28576127],"timestamp":"2020-07-29T11:07:29.796Z"}
info: Response rejected. {"0":"https://www.oakshotels.com/en/500?aspxerrorpath=/en/blogs","1":500,"2":"text/html; charset=utf-8","3":{"rss":76812288,"heapTotal":41779200,"heapUsed":37655960,"external":2008977},"4":[81,173864791],"timestamp":"2020-07-29T11:07:29.942Z"}
info: Response rejected. {"0":"https://www.oakshotels.com/en/500?aspxerrorpath=/en/newsletter-subscription","1":500,"2":"text/html; charset=utf-8","3":{"rss":76812288,"heapTotal":41779200,"heapUsed":37692848,"external":2027141},"4":[81,237274773],"timestamp":"2020-07-29T11:07:30.005Z"}
info: Response rejected. {"0":"https://www.oakshotels.com/en/oaks-on-castlereagh/rooms","1":200,"2":"text/html; charset=utf-8","3":{"rss":76668928,"heapTotal":41934848,"heapUsed":38057536,"external":2213410},"4":[83,311827769],"timestamp":"2020-07-29T11:07:32.079Z"}
info: Response rejected. {"0":"https://www.oakshotels.com/en/new-zealand","1":200,"2":"text/html; charset=utf-8","3":{"rss":76857344,"heapTotal":41029632,"heapUsed":37791064,"external":2161947},"4":[86,709541659],"timestamp":"2020-07-29T11:07:35.477Z"}
info: Response rejected. {"0":"https://www.oakshotels.com/en/new-zealand/wellington","1":200,"2":"text/html; charset=utf-8","3":{"rss":76795904,"heapTotal":41029632,"heapUsed":38079192,"external":2293935},"4":[87,998824411],"timestamp":"2020-07-29T11:07:36.769Z"}
info: Response rejected. {"0":"https://www.oakshotels.com/en/australia/south-australia/glenelg","1":200,"2":"text/html; charset=utf-8","3":{"rss":76967936,"heapTotal":41553920,"heapUsed":38283912,"external":2077170},"4":[128,809996953],"timestamp":"2020-07-29T11:08:17.578Z"}
info: Response rejected. {"0":"https://www.oakshotels.com/en/australia/queensland/gladstone","1":200,"2":"text/html; charset=utf-8","3":{"rss":76967936,"heapTotal":41553920,"heapUsed":38568720,"external":2209523},"4":[132,372259092],"timestamp":"2020-07-29T11:08:21.140Z"}
info: Response rejected. {"0":"https://www.oakshotels.com/en/australia/queensland/middlemount","1":200,"2":"text/html; charset=utf-8","3":{"rss":77451264,"heapTotal":41816064,"heapUsed":38751088,"external":2176556},"4":[137,574982940],"timestamp":"2020-07-29T11:08:26.343Z"}
info: Response rejected. {"0":"https://www.oakshotels.com/en/australia/queensland/mackay","1":504,"2":"text/html","3":{"rss":77451264,"heapTotal":41816064,"heapUsed":38779720,"external":2177291},"4":[138,261646411],"timestamp":"2020-07-29T11:08:27.029Z"}
info: Response rejected. {"0":"https://www.oakshotels.com/en/new-zealand/auckland","1":504,"2":"text/html","3":{"rss":77451264,"heapTotal":41816064,"heapUsed":38802528,"external":2178026},"4":[138,269306938],"timestamp":"2020-07-29T11:08:27.037Z"}
info: Saving resource. {"0":"https://www.oakshotels.com/en/oaks-on-castlereagh","1":"html","2":{"rss":77873152,"heapTotal":42340352,"heapUsed":39358608,"external":2118174},"3":[138,321092662],"timestamp":"2020-07-29T11:08:27.089Z"}
info: File list updated. {"0":"offline","1":"firstpage","2":false,"3":{"rss":83083264,"heapTotal":54304768,"heapUsed":40228800,"external":1620386},"4":[145,682060482],"timestamp":"2020-07-29T11:08:34.450Z"}
info: Zip created. {"0":"offline","1":"firstpage","2":false,"3":{"rss":83927040,"heapTotal":54304768,"heapUsed":40427280,"external":1850086},"4":[145,787898003],"timestamp":"2020-07-29T11:08:34.556Z"}
info: Saving resource. {"0":"https://www.oakshotels.com/uploads/minor/oaks/images/australia/new-south-wales/sydney/castlereagh/be-inspired/oaks-hotels-blogs-image-sydney.jpg","2":{"rss":83927040,"heapTotal":54304768,"heapUsed":40770336,"external":1921626},"3":[146,21948606],"timestamp":"2020-07-29T11:08:34.790Z"}
info: Saving resource. {"0":"https://www.oakshotels.com/uploads/minor/oaks/images/australia/new-south-wales/sydney/castlereagh/1312x533/oaks-castlereagh-sydney-city-hotels-balcony-image.jpg","2":{"rss":83927040,"heapTotal":54304768,"heapUsed":41245984,"external":1973731},"3":[146,201626321],"timestamp":"2020-07-29T11:08:34.969Z"}
info: Saving resource. {"0":"https://www.oakshotels.com/uploads/minor/oaks/images/australia/new-south-wales/sydney/castlereagh/800x385/new/oaks-on-castlereagh-cafe-800x385.jpg?mw=85","2":{"rss":84172800,"heapTotal":54304768,"heapUsed":41701224,"external":2657410},"3":[146,421759168],"timestamp":"2020-07-29T11:08:35.189Z"}
info: Saving resource. {"0":"https://www.oakshotels.com/uploads/minor/brand-footer-logos/anantara-brand-logo.png?mw=360","2":{"rss":84172800,"heapTotal":54304768,"heapUsed":42139704,"external":2677891},"3":[146,570118179],"timestamp":"2020-07-29T11:08:35.338Z"}
info: Saving resource. {"0":"https://www.oakshotels.com/uploads/minor/brand-footer-logos/minor-logo-new.png?mw=360","2":{"rss":84172800,"heapTotal":54304768,"heapUsed":42572928,"external":2695183},"3":[146,748584386],"timestamp":"2020-07-29T11:08:35.516Z"}
info: Saving resource. {"0":"https://www.oakshotels.com/uploads/minor/oaks/images/homepage/logos/oaks-hotels-resorts-suites-australia.png","2":{"rss":84439040,"heapTotal":54304768,"heapUsed":43001056,"external":2719687},"3":[146,919272495],"timestamp":"2020-07-29T11:08:35.687Z"}
info: Saving resource. {"0":"https://www.oakshotels.com/uploads/minor/oaks/images/australia/new-south-wales/sydney/castlereagh/600x400/2-bedroom-dual-key/jpeg/serviced-apartments-sydney-oaks-on-castlereagh-2-bedroom-dual-key-unit.jpg?mw=720","2":{"rss":84439040,"heapTotal":54304768,"heapUsed":43429824,"external":2802840},"3":[147,52960960],"timestamp":"2020-07-29T11:08:35.821Z"}
info: Saving resource. {"0":"https://www.oakshotels.com/uploads/minor/oaks/images/australia/new-south-wales/sydney/castlereagh/800x385/sydney-city-oaks-on-castlereagh-2-bedroom-apartment-balcony-lifestyle-2.jpg","2":{"rss":84439040,"heapTotal":54304768,"heapUsed":43870160,"external":2851871},"3":[147,217008977],"timestamp":"2020-07-29T11:08:35.985Z"}
info: Saving resource. {"0":"https://www.oakshotels.com/en/uploads/minor/oaks/images/homepage/body-content/phone_icon_45x45.png","2":{"rss":84398080,"heapTotal":54304768,"heapUsed":41027592,"external":1706094},"3":[147,416669280],"timestamp":"2020-07-29T11:08:36.184Z"}
info: Saving resource. {"0":"https://www.oakshotels.com/uploads/minor/brand-footer-logos/elewana-brand-logo.png?mw=360","2":{"rss":84398080,"heapTotal":54304768,"heapUsed":41470848,"external":1726418},"3":[147,556338747],"timestamp":"2020-07-29T11:08:36.324Z"}
info: Saving resource. {"0":"https://www.oakshotels.com/uploads/minor/brand-footer-logos/nh-collection-brand-logo.png?mw=360","2":{"rss":84398080,"heapTotal":54304768,"heapUsed":41794376,"external":1741653},"3":[147,713680236],"timestamp":"2020-07-29T11:08:36.481Z"}
info: Saving resource. {"0":"https://www.oakshotels.com/uploads/minor/brand-footer-logos/nh-hotels-brand-logo.png?mw=360","2":{"rss":84398080,"heapTotal":54304768,"heapUsed":42298008,"external":1763038},"3":[147,873803390],"timestamp":"2020-07-29T11:08:36.642Z"}
info: Saving resource. {"0":"https://www.oakshotels.com/uploads/minor/brand-footer-logos/nhow-brand-logo.png?mw=360","2":{"rss":84398080,"heapTotal":54304768,"heapUsed":42711528,"external":1783013},"3":[148,102356741],"timestamp":"2020-07-29T11:08:36.870Z"}
info: Saving resource. {"0":"https://www.oakshotels.com/uploads/minor/brand-footer-logos/oaks-logo-colored-updated.png?mw=360","2":{"rss":84398080,"heapTotal":54304768,"heapUsed":43125888,"external":1802956},"3":[148,273999749],"timestamp":"2020-07-29T11:08:37.042Z"}
info: Saving resource. {"0":"https://www.oakshotels.com/uploads/minor/brand-footer-logos/avani-brand-logo.png?mw=360","2":{"rss":84652032,"heapTotal":54304768,"heapUsed":43539192,"external":1821664},"3":[148,459592070],"timestamp":"2020-07-29T11:08:37.227Z"}
info: Saving resource. {"0":"https://www.oakshotels.com/uploads/minor/tivoli/logos/tivoli-logo-update.png?mw=360","2":{"rss":85426176,"heapTotal":54304768,"heapUsed":43960488,"external":1845736},"3":[148,694360764],"timestamp":"2020-07-29T11:08:37.462Z"}
info: Saving resource. {"0":"https://www.oakshotels.com/uploads/minor/oaks/images/australia/new-south-wales/sydney/castlereagh/800x385/sydney-city-oaks-on-castlereagh-3-bedroom-apartment-balcony-5.jpg?mw=85","2":{"rss":85426176,"heapTotal":54304768,"heapUsed":44364744,"external":1861653},"3":[148,850886256],"timestamp":"2020-07-29T11:08:37.619Z"}
info: Saving resource. {"0":"https://www.oakshotels.com/uploads/minor/oaks/images/australia/new-south-wales/sydney/castlereagh/800x385/new/oaks-on-castlereagh-1-bedroom-bedroom-refurb--800x385.jpg?mw=85","2":{"rss":85426176,"heapTotal":54304768,"heapUsed":41466912,"external":1713862},"3":[149,15055808],"timestamp":"2020-07-29T11:08:37.783Z"}
info: Saving resource. {"0":"https://www.oakshotels.com/uploads/minor/oaks/images/australia/new-south-wales/sydney/castlereagh/800x385/sydney-city-oaks-on-castlereagh-1-bedroom-apartment-bathroom.jpg?mw=85","2":{"rss":85426176,"heapTotal":54304768,"heapUsed":41865616,"external":1726261},"3":[149,158178175],"timestamp":"2020-07-29T11:08:37.926Z"}
info: Saving resource. {"0":"https://www.oakshotels.com/uploads/minor/oaks/images/australia/new-south-wales/sydney/green-button/guest-service.png?la=en","2":{"rss":85426176,"heapTotal":54304768,"heapUsed":42264888,"external":1746857},"3":[149,305160712],"timestamp":"2020-07-29T11:08:38.073Z"}
info: Saving resource. {"0":"https://www.oakshotels.com/uploads/minor/oaks/images/australia/new-south-wales/sydney/castlereagh/800x385/oaks-on-castlereagh-swimming-pool-spa-jacuzzi.jpg?mw=85","2":{"rss":85426176,"heapTotal":54304768,"heapUsed":42665104,"external":1767232},"3":[149,448843500],"timestamp":"2020-07-29T11:08:38.216Z"}
info: Saving resource. {"0":"https://www.oakshotels.com/uploads/minor/oaks/images/australia/new-south-wales/sydney/castlereagh/800x385/new/oaks-on-castlereagh-gym-2-800x385.jpg?mw=85","2":{"rss":85491712,"heapTotal":54304768,"heapUsed":43072824,"external":1779412},"3":[149,621844834],"timestamp":"2020-07-29T11:08:38.389Z"}
info: Saving resource. {"0":"https://www.oakshotels.com/en/uploads/minor/oaks/images/homepage/body-content/email_icon_45x45.png​","2":{"rss":83070976,"heapTotal":51322880,"heapUsed":35498400,"external":1571518},"3":[150,131288136],"timestamp":"2020-07-29T11:08:38.899Z"}
info: Saving resource. {"0":"https://www.oakshotels.com/uploads/minor/oaks/images/australia/new-south-wales/sydney/castlereagh/800x385/new/oaks-on-castlereagh-surrounds-tram-800x385.jpg?mw=85","2":{"rss":83070976,"heapTotal":51322880,"heapUsed":35920944,"external":1591835},"3":[150,376040152],"timestamp":"2020-07-29T11:08:39.144Z"}
info: Saving resource. {"0":"https://www.oakshotels.com/uploads/minor/oaks/images/australia/new-south-wales/sydney/castlereagh/800x385/sydney-city-oaks-on-castlereagh-1-bedroom-apartment-bathroom.jpg","2":{"rss":82907136,"heapTotal":51322880,"heapUsed":36338272,"external":1604013},"3":[150,592365541],"timestamp":"2020-07-29T11:08:39.360Z"}
info: Saving resource. {"0":"https://www.oakshotels.com/uploads/minor/oaks/images/australia/new-south-wales/sydney/castlereagh/600x400/studio/jpeg/sydney-city-oaks-on-castlereagh-studio-1.jpg?mw=720","2":{"rss":82907136,"heapTotal":51322880,"heapUsed":36354136,"external":1604013},"3":[150,593175514],"timestamp":"2020-07-29T11:08:39.361Z"}
info: Saving resource. {"0":"https://www.oakshotels.com/uploads/minor/oaks/images/australia/new-south-wales/sydney/castlereagh/600x400/studio/jpeg/sydney-city-hotel-apartments-queen-size-bed.jpg?mw=720","2":{"rss":82685952,"heapTotal":51322880,"heapUsed":36782408,"external":1660924},"3":[150,830002990],"timestamp":"2020-07-29T11:08:39.598Z"}
info: Saving resource. {"0":"https://www.oakshotels.com/uploads/minor/oaks/images/australia/new-south-wales/sydney/castlereagh/600x400/3-bedroom-apartment/jpeg/sydney-city-oaks-on-castlereagh-3-bedroom-apartment-balcony-holiday.jpg?mw=720","2":{"rss":82685952,"heapTotal":51322880,"heapUsed":37100552,"external":1767290},"3":[150,975968231],"timestamp":"2020-07-29T11:08:39.744Z"}
info: Saving resource. {"0":"https://www.oakshotels.com/uploads/minor/oaks/images/australia/new-south-wales/sydney/castlereagh/600x400/1-bedroom-apartment/oaks-on-castlereagh-1-bedroom-bedroom-refurb-600x400px.jpg?mw=720","2":{"rss":82685952,"heapTotal":51322880,"heapUsed":37514296,"external":1813769},"3":[151,207998369],"timestamp":"2020-07-29T11:08:39.976Z"}
info: Saving resource. {"0":"https://www.oakshotels.com/uploads/minor/oaks/images/australia/new-south-wales/sydney/castlereagh/600x400/2-bedroom-apartment/oaks-on-castlereagh-2-bedroom-twin-bedroom-refurb-1-600x400px.jpg?mw=720","2":{"rss":82685952,"heapTotal":51322880,"heapUsed":38006832,"external":1922285},"3":[151,391373170],"timestamp":"2020-07-29T11:08:40.159Z"}
info: Saving resource. {"0":"https://www.oakshotels.com/uploads/minor/oaks/images/australia/new-south-wales/sydney/castlereagh/800x385/oaks-on-castlereagh-swimming-pool-spa-jacuzzi.jpg","2":{"rss":83222528,"heapTotal":51322880,"heapUsed":38424000,"external":1970067},"3":[151,631778501],"timestamp":"2020-07-29T11:08:40.399Z"}
info: Saving resource. {"0":"https://www.oakshotels.com/uploads/minor/oaks/images/australia/new-south-wales/sydney/castlereagh/800x385/sydney-city-oaks-on-castlereagh-3-bedroom-apartment-balcony-5.jpg","2":{"rss":83222528,"heapTotal":51322880,"heapUsed":38439672,"external":1970067},"3":[151,632374982],"timestamp":"2020-07-29T11:08:40.400Z"}
info: Saving resource. {"0":"https://www.oakshotels.com/uploads/minor/oaks/images/australia/new-south-wales/sydney/castlereagh/800x385/new/oaks-on-castlereagh-gym-2-800x385.jpg","2":{"rss":83222528,"heapTotal":51322880,"heapUsed":38455392,"external":1970067},"3":[151,632938504],"timestamp":"2020-07-29T11:08:40.401Z"}
info: Saving resource. {"0":"https://www.oakshotels.com/uploads/minor/oaks/images/australia/new-south-wales/sydney/castlereagh/800x385/new/oaks-on-castlereagh-cafe-800x385.jpg","2":{"rss":83222528,"heapTotal":51322880,"heapUsed":38471120,"external":1970067},"3":[151,633585403],"timestamp":"2020-07-29T11:08:40.401Z"}
info: Saving resource. {"0":"https://www.oakshotels.com/uploads/minor/oaks/images/australia/new-south-wales/sydney/castlereagh/800x385/new/oaks-on-castlereagh-1-bedroom-lounge-refurb-2-800x385.jpg?mw=85","2":{"rss":83222528,"heapTotal":51322880,"heapUsed":38486848,"external":1970067},"3":[151,634035523],"timestamp":"2020-07-29T11:08:40.402Z"}
info: Saving resource. {"0":"https://www.oakshotels.com/uploads/minor/oaks/images/australia/new-south-wales/sydney/castlereagh/800x385/new/oaks-on-castlereagh-2-bedroom-twin-bedroom-refurb-2-800x385.jpg?mw=85","2":{"rss":83222528,"heapTotal":51322880,"heapUsed":38886936,"external":1990720},"3":[151,785899382],"timestamp":"2020-07-29T11:08:40.554Z"}
info: Saving resource. {"0":"https://www.oakshotels.com/uploads/minor/oaks/images/australia/new-south-wales/sydney/castlereagh/800x385/new/oaks-on-castlereagh-surrounds-tram-800x385.jpg","2":{"rss":83222528,"heapTotal":51322880,"heapUsed":39286632,"external":2003140},"3":[151,980623240],"timestamp":"2020-07-29T11:08:40.748Z"}
info: Saving resource. {"0":"https://www.oakshotels.com/uploads/minor/oaks/images/australia/new-south-wales/sydney/castlereagh/800x385/sydney-city-oaks-on-castlereagh-2-bedroom-apartment-balcony-lifestyle-2.jpg?mw=85","2":{"rss":83222528,"heapTotal":51322880,"heapUsed":39302496,"external":2003140},"3":[151,981777031],"timestamp":"2020-07-29T11:08:40.749Z"}
info: Saving resource. {"0":"https://www.oakshotels.com/uploads/minor/oaks/images/australia/new-south-wales/sydney/castlereagh/800x385/new/oaks-on-castlereagh-1-bedroom-bedroom-refurb--800x385.jpg","2":{"rss":83222528,"heapTotal":51322880,"heapUsed":39318296,"external":2003140},"3":[151,992590706],"timestamp":"2020-07-29T11:08:40.760Z"}
info: Saving resource. {"0":"https://www.oakshotels.com/uploads/minor/oaks/images/australia/new-south-wales/sydney/castlereagh/600x400/1-bedroom-apartment/jpeg/oaks-on-castlereagh-hotel-1-bedroom-apartment-balcony-view.jpg?mw=720","2":{"rss":83222528,"heapTotal":51322880,"heapUsed":39334208,"external":2003140},"3":[151,993570031],"timestamp":"2020-07-29T11:08:40.761Z"}
info: Saving resource. {"0":"https://www.oakshotels.com/uploads/minor/oaks/images/australia/new-south-wales/sydney/castlereagh/800x385/new/oaks-on-castlereagh-1-bedroom-lounge-refurb-2-800x385.jpg","2":{"rss":83222528,"heapTotal":51322880,"heapUsed":36269880,"external":1633083},"3":[152,158662803],"timestamp":"2020-07-29T11:08:40.926Z"}
info: Saving resource. {"0":"https://www.oakshotels.com/uploads/minor/oaks/images/australia/new-south-wales/sydney/castlereagh/pinterest/kangaroo-feeding-sydney.jpg","2":{"rss":83222528,"heapTotal":51322880,"heapUsed":36285680,"external":1633083},"3":[152,159447788],"timestamp":"2020-07-29T11:08:40.927Z"}
info: Saving resource. {"0":"https://www.oakshotels.com/uploads/minor/oaks/images/australia/new-south-wales/sydney/castlereagh/800x385/new/oaks-on-castlereagh-2-bedroom-twin-bedroom-refurb-2-800x385.jpg","2":{"rss":83222528,"heapTotal":51322880,"heapUsed":36690584,"external":1768226},"3":[152,321987979],"timestamp":"2020-07-29T11:08:41.090Z"}
info: Saving resource. {"0":"https://cdn.polyfill.io/v2/polyfill.min.js","1":"js","2":{"rss":83222528,"heapTotal":51322880,"heapUsed":36707080,"external":1768226},"3":[152,322815103],"timestamp":"2020-07-29T11:08:41.090Z"}
info: Saving resource. {"0":"https://www.oakshotels.com/assets/minor/oaks/js/vendor/modernizr.min.js","1":"js","2":{"rss":83222528,"heapTotal":51322880,"heapUsed":37104968,"external":1788192},"3":[152,451619898],"timestamp":"2020-07-29T11:08:41.219Z"}
info: Saving resource. {"0":"https://www.oakshotels.com/layouts/system/VisitorIdentification.js","1":"js","2":{"rss":83222528,"heapTotal":51322880,"heapUsed":37516992,"external":1814463},"3":[152,605370080],"timestamp":"2020-07-29T11:08:41.373Z"}
info: Saving resource. {"0":"https://www.oakshotels.com/assets/minor/oaks/js/NoConflict.js","1":"js","2":{"rss":83222528,"heapTotal":51322880,"heapUsed":37914728,"external":1834343},"3":[152,758373293],"timestamp":"2020-07-29T11:08:41.526Z"}
info: Saving resource. {"0":"https://secure.minorhotels.com/javascripts/login.js","1":"js","2":{"rss":83529728,"heapTotal":51322880,"heapUsed":38221560,"external":1844683},"3":[152,910594406],"timestamp":"2020-07-29T11:08:41.678Z"}
info: Saving resource. {"0":"https://secure.minorhotels.com/javascripts/porthole.min.js","1":"js","2":{"rss":83529728,"heapTotal":51322880,"heapUsed":38706352,"external":1970037},"3":[153,49044427],"timestamp":"2020-07-29T11:08:41.817Z"}
info: Saving resource. {"0":"https://www.oakshotels.com/assets/minor/oaks/28.0/js/main.js","1":"js","2":{"rss":83795968,"heapTotal":51322880,"heapUsed":39096448,"external":1987819},"3":[153,211922478],"timestamp":"2020-07-29T11:08:41.980Z"}
info: Saving resource. {"0":"https://www.oakshotels.com/assets/minor/oaks/js/vendor/jquery-1.11.3.min.js","1":"js","2":{"rss":84324352,"heapTotal":51322880,"heapUsed":39498688,"external":2021951},"3":[153,406176185],"timestamp":"2020-07-29T11:08:42.174Z"}
info: Saving resource. {"0":"https://s7.addthis.com/js/300/addthis_widget.js#pubid=ra-56d564b4f7d02660","1":"js","2":{"rss":84357120,"heapTotal":51322880,"heapUsed":36651424,"external":1624079},"3":[153,694147030],"timestamp":"2020-07-29T11:08:42.462Z"}
info: Saving resource. {"0":"https://cdnjs.cloudflare.com/ajax/libs/jquery-validate/1.17.0/jquery.validate.min.js","1":"js","2":{"rss":85159936,"heapTotal":51322880,"heapUsed":37071520,"external":2390199},"3":[154,24792907],"timestamp":"2020-07-29T11:08:42.792Z"}
info: Saving resource. {"0":"https://www.oakshotels.com/assets/minor/oaks/28.0/js/modules.js","1":"js","2":{"rss":85159936,"heapTotal":51322880,"heapUsed":37484392,"external":2433336},"3":[154,219382499],"timestamp":"2020-07-29T11:08:42.987Z"}
info: Saving resource. {"0":"https://www.oakshotels.com/assets/minor/oaks/28.0/js/plugins.js","1":"js","2":{"rss":85958656,"heapTotal":51322880,"heapUsed":37889872,"external":2813144},"3":[154,418612188],"timestamp":"2020-07-29T11:08:43.186Z"}
info: Response accepted. {"0":"https://www.oakshotels.com/assets/minor/oaks/fonts/notosans-bolditalic-webfont.woff2","1":200,"2":"application/font-woff2","3":{"rss":88850432,"heapTotal":51499008,"heapUsed":40847056,"external":1576231},"4":[155,975014377],"timestamp":"2020-07-29T11:08:44.743Z"}
info: Response accepted. {"0":"https://www.oakshotels.com/assets/minor/oaks/fonts/notosans-bolditalic-webfont.ttf","1":200,"2":"application/octet-stream","3":{"rss":88850432,"heapTotal":51499008,"heapUsed":40971744,"external":1625180},"4":[156,63908813],"timestamp":"2020-07-29T11:08:44.832Z"}
info: Response accepted. {"0":"https://www.oakshotels.com/assets/minor/oaks/fonts/icomoon.ttf?-blx35s","1":200,"2":"application/octet-stream","3":{"rss":88850432,"heapTotal":51499008,"heapUsed":41174672,"external":1688709},"4":[156,75844330],"timestamp":"2020-07-29T11:08:44.844Z"}
info: Response accepted. {"0":"https://www.oakshotels.com/assets/minor/oaks/fonts/icomoon.eot?#iefix-blx35s","1":200,"2":"application/vnd.ms-fontobject","3":{"rss":88850432,"heapTotal":51499008,"heapUsed":41327592,"external":1752406},"4":[156,92037889],"timestamp":"2020-07-29T11:08:44.860Z"}
info: Response accepted. {"0":"https://www.oakshotels.com/assets/minor/oaks/fonts/notosans-bold-webfont.woff","1":200,"2":"font/x-woff","3":{"rss":88850432,"heapTotal":51499008,"heapUsed":38323712,"external":1561103},"4":[156,187214420],"timestamp":"2020-07-29T11:08:44.955Z"}
info: Response accepted. {"0":"https://www.oakshotels.com/assets/minor/oaks/fonts/notosans-regular-webfont.woff2","1":200,"2":"application/font-woff2","3":{"rss":89120768,"heapTotal":51499008,"heapUsed":38387024,"external":1580637},"4":[156,213011806],"timestamp":"2020-07-29T11:08:44.981Z"}
info: Response accepted. {"0":"https://www.oakshotels.com/assets/minor/oaks/img/marker-orange.png","1":200,"2":"image/png","3":{"rss":89120768,"heapTotal":51499008,"heapUsed":38419760,"external":1582819},"4":[156,280082842],"timestamp":"2020-07-29T11:08:45.048Z"}
info: Response accepted. {"0":"https://www.oakshotels.com/assets/minor/oaks/img/marker-red.png","1":200,"2":"image/png","3":{"rss":89120768,"heapTotal":51499008,"heapUsed":38448312,"external":1584994},"4":[156,300028901],"timestamp":"2020-07-29T11:08:45.068Z"}
info: Response accepted. {"0":"https://www.oakshotels.com/assets/minor/oaks/img/marker-green.png","1":200,"2":"image/png","3":{"rss":89120768,"heapTotal":51499008,"heapUsed":38475184,"external":1587165},"4":[156,329176787],"timestamp":"2020-07-29T11:08:45.097Z"}
info: Response accepted. {"0":"https://www.oakshotels.com/assets/minor/oaks/img/marker-yellow.png","1":200,"2":"image/png","3":{"rss":89120768,"heapTotal":51499008,"heapUsed":38501912,"external":1589336},"4":[156,390123194],"timestamp":"2020-07-29T11:08:45.158Z"}
info: Response accepted. {"0":"https://www.oakshotels.com/assets/minor/oaks/fonts/icomoon.woff?-blx35s","1":200,"2":"font/x-woff","3":{"rss":89120768,"heapTotal":51499008,"heapUsed":38670312,"external":1652928},"4":[156,421739004],"timestamp":"2020-07-29T11:08:45.189Z"}
info: Response accepted. {"0":"https://www.oakshotels.com/assets/minor/oaks/fonts/notosans-bold-webfont.woff2","1":200,"2":"application/font-woff2","3":{"rss":88915968,"heapTotal":52547584,"heapUsed":37508128,"external":1588881},"4":[156,520316694],"timestamp":"2020-07-29T11:08:45.288Z"}
info: Response accepted. {"0":"https://www.oakshotels.com/assets/minor/oaks/fonts/notosans-bolditalic-webfont.woff","1":200,"2":"font/x-woff","3":{"rss":88915968,"heapTotal":52547584,"heapUsed":37598928,"external":1616049},"4":[156,564184873],"timestamp":"2020-07-29T11:08:45.332Z"}
info: Response accepted. {"0":"https://www.oakshotels.com/assets/minor/oaks/28.0/img/fancybox/fancybox_overlay.png","1":200,"2":"image/png","3":{"rss":88915968,"heapTotal":52547584,"heapUsed":37625128,"external":1618084},"4":[156,565654396],"timestamp":"2020-07-29T11:08:45.333Z"}
info: Response accepted. {"0":"https://www.oakshotels.com/assets/minor/oaks/28.0/img/fancybox/fancybox_loading.gif","1":200,"2":"image/gif","3":{"rss":88915968,"heapTotal":52547584,"heapUsed":37655400,"external":1625675},"4":[156,566645722],"timestamp":"2020-07-29T11:08:45.334Z"}
info: Response accepted. {"0":"https://www.oakshotels.com/assets/minor/oaks/fonts/notosans-bold-webfont.ttf","1":200,"2":"application/octet-stream","3":{"rss":88915968,"heapTotal":52547584,"heapUsed":37774216,"external":1672016},"4":[156,567924721],"timestamp":"2020-07-29T11:08:45.336Z"}
info: Response accepted. {"0":"https://www.oakshotels.com/assets/minor/oaks/fonts/notosans-bold-webfont.eot","1":200,"2":"application/vnd.ms-fontobject","3":{"rss":88915968,"heapTotal":52547584,"heapUsed":37952616,"external":1781011},"4":[156,570149922],"timestamp":"2020-07-29T11:08:45.338Z"}
info: Response accepted. {"0":"https://www.oakshotels.com/assets/minor/oaks/fonts/geometr415-md-bt-medium-webfont.svg#geometr415_md_btmedium","1":200,"2":"image/svg+xml","3":{"rss":88915968,"heapTotal":52547584,"heapUsed":38145728,"external":1857709},"4":[156,571756082],"timestamp":"2020-07-29T11:08:45.339Z"}
info: Response accepted. {"0":"https://www.oakshotels.com/assets/minor/oaks/fonts/notosans-italic-webfont.eot","1":200,"2":"application/vnd.ms-fontobject","3":{"rss":88932352,"heapTotal":52547584,"heapUsed":38556832,"external":1897915},"4":[156,581271711],"timestamp":"2020-07-29T11:08:45.349Z"}
info: Response accepted. {"0":"https://www.oakshotels.com/assets/minor/oaks/fonts/notosans-italic-webfont.woff2","1":200,"2":"application/font-woff2","3":{"rss":88932352,"heapTotal":52547584,"heapUsed":38626064,"external":1918929},"4":[156,582471871],"timestamp":"2020-07-29T11:08:45.350Z"}
info: Response accepted. {"0":"https://www.oakshotels.com/assets/minor/oaks/fonts/notosans-italic-webfont.woff","1":200,"2":"font/x-woff","3":{"rss":88932352,"heapTotal":52547584,"heapUsed":38704336,"external":1946237},"4":[156,583420055],"timestamp":"2020-07-29T11:08:45.351Z"}
info: Response accepted. {"0":"https://www.oakshotels.com/assets/minor/oaks/fonts/notosans-regular-webfont.woff","1":200,"2":"font/x-woff","3":{"rss":88932352,"heapTotal":52547584,"heapUsed":38779688,"external":1979862},"4":[156,584611194],"timestamp":"2020-07-29T11:08:45.352Z"}
info: Response accepted. {"0":"https://www.oakshotels.com/assets/minor/oaks/fonts/notosans-regular-webfont.eot","1":200,"2":"application/vnd.ms-fontobject","3":{"rss":88932352,"heapTotal":52547584,"heapUsed":38846936,"external":2001671},"4":[156,588474417],"timestamp":"2020-07-29T11:08:45.356Z"}
info: Response accepted. {"0":"https://www.oakshotels.com/assets/minor/oaks/fonts/geometr415-md-bt-medium-webfont.eot","1":200,"2":"application/vnd.ms-fontobject","3":{"rss":88932352,"heapTotal":52547584,"heapUsed":39203168,"external":2046099},"4":[156,674478542],"timestamp":"2020-07-29T11:08:45.442Z"}
info: Response accepted. {"0":"https://www.oakshotels.com/assets/minor/oaks/fonts/notosans-regular-webfont.ttf","1":200,"2":"application/octet-stream","3":{"rss":88932352,"heapTotal":52547584,"heapUsed":39318096,"external":2091117},"4":[156,677042825],"timestamp":"2020-07-29T11:08:45.445Z"}
info: Response accepted. {"0":"https://www.oakshotels.com/assets/minor/oaks/28.0/img/fancybox/fancybox_sprite.png","1":200,"2":"image/png","3":{"rss":89018368,"heapTotal":52547584,"heapUsed":39792120,"external":2269486},"4":[156,711553906],"timestamp":"2020-07-29T11:08:45.479Z"}
info: Response accepted. {"0":"https://www.oakshotels.com/assets/minor/oaks/fonts/geometr415-md-bt-medium-webfont.woff2","1":200,"2":"application/font-woff2","3":{"rss":89018368,"heapTotal":52547584,"heapUsed":39889368,"external":2288972},"4":[156,720668422],"timestamp":"2020-07-29T11:08:45.488Z"}
info: Response accepted. {"0":"https://www.oakshotels.com/assets/minor/oaks/fonts/geometr415-md-bt-medium-webfont.woff","1":200,"2":"font/x-woff","3":{"rss":89018368,"heapTotal":52547584,"heapUsed":39967336,"external":2314133},"4":[156,770191257],"timestamp":"2020-07-29T11:08:45.538Z"}
info: Response accepted. {"0":"https://www.oakshotels.com/assets/minor/oaks/fonts/geometr415-md-bt-medium-webfont.ttf","1":200,"2":"application/octet-stream","3":{"rss":89018368,"heapTotal":52547584,"heapUsed":40108600,"external":2382990},"4":[156,782264258],"timestamp":"2020-07-29T11:08:45.550Z"}
info: Response accepted. {"0":"https://www.oakshotels.com/assets/minor/oaks/28.0/img/fancybox/fancybox_sprite@2x.png","1":200,"2":"image/png","3":{"rss":89018368,"heapTotal":52547584,"heapUsed":40143456,"external":2390559},"4":[156,795388022],"timestamp":"2020-07-29T11:08:45.563Z"}
info: Response accepted. {"0":"https://www.oakshotels.com/assets/minor/oaks/fonts/notosans-italic-webfont.svg#noto_sansitalic","1":200,"2":"image/svg+xml","3":{"rss":89018368,"heapTotal":52547584,"heapUsed":40528184,"external":2479298},"4":[156,822506659],"timestamp":"2020-07-29T11:08:45.590Z"}
info: Response accepted. {"0":"https://www.oakshotels.com/assets/minor/oaks/fonts/icomoon.svg?-blx35s#icomoon","1":200,"2":"image/svg+xml","3":{"rss":89288704,"heapTotal":52817920,"heapUsed":40960024,"external":2591679},"4":[156,863331730],"timestamp":"2020-07-29T11:08:45.631Z"}
info: Response accepted. {"0":"https://www.oakshotels.com/assets/minor/oaks/fonts/notosans-bolditalic-webfont.svg#noto_sansbold_italic","1":200,"2":"image/svg+xml","3":{"rss":89288704,"heapTotal":52817920,"heapUsed":41352832,"external":2746588},"4":[157,13122157],"timestamp":"2020-07-29T11:08:45.781Z"}
info: Response accepted. {"0":"https://www.oakshotels.com/assets/minor/oaks/28.0/img/fancybox/blank.gif","1":200,"2":"image/gif","3":{"rss":89288704,"heapTotal":52817920,"heapUsed":41408928,"external":2747668},"4":[157,47818177],"timestamp":"2020-07-29T11:08:45.815Z"}
info: Response accepted. {"0":"https://www.oakshotels.com/assets/minor/oaks/fonts/notosans-italic-webfont.ttf","1":200,"2":"application/octet-stream","3":{"rss":89288704,"heapTotal":52817920,"heapUsed":39840328,"external":1561987},"4":[157,97368354],"timestamp":"2020-07-29T11:08:45.865Z"}
info: Response accepted. {"0":"https://www.oakshotels.com/assets/minor/oaks/28.0/img/fancybox/fancybox_loading@2x.gif","1":200,"2":"image/gif","3":{"rss":89288704,"heapTotal":52817920,"heapUsed":39904752,"external":1568627},"4":[157,103193228],"timestamp":"2020-07-29T11:08:45.871Z"}
info: Response accepted. {"0":"https://www.oakshotels.com/assets/minor/oaks/fonts/notosans-bold-webfont.svg#noto_sansbold","1":200,"2":"image/svg+xml","3":{"rss":89288704,"heapTotal":52817920,"heapUsed":40154984,"external":1646847},"4":[157,156353296],"timestamp":"2020-07-29T11:08:45.924Z"}
info: Response accepted. {"0":"https://www.oakshotels.com/assets/minor/oaks/fonts/notosans-regular-webfont.svg#noto_sansregular","1":200,"2":"image/svg+xml","3":{"rss":89288704,"heapTotal":52817920,"heapUsed":40348448,"external":1676047},"4":[157,279682083],"timestamp":"2020-07-29T11:08:46.047Z"}
info: Response accepted. {"0":"https://www.oakshotels.com/assets/minor/oaks/fonts/notosans-bolditalic-webfont.eot","1":200,"2":"application/vnd.ms-fontobject","3":{"rss":89288704,"heapTotal":52817920,"heapUsed":40473336,"external":1707767},"4":[157,460476481],"timestamp":"2020-07-29T11:08:46.228Z"}
info: Response accepted. {"0":"https://www.oakshotels.com/assets/minor/oaks/img/marker-black.png","1":200,"2":"image/png","3":{"rss":89288704,"heapTotal":52817920,"heapUsed":40567224,"external":1742633},"4":[157,676455202],"timestamp":"2020-07-29T11:08:46.444Z"}
info: Response accepted. {"0":"https://www.oakshotels.com/assets/minor/oaks/fonts/icomoon.eot?-blx35s","1":200,"2":"application/vnd.ms-fontobject","3":{"rss":89288704,"heapTotal":52817920,"heapUsed":40696336,"external":1765197},"4":[157,759986604],"timestamp":"2020-07-29T11:08:46.528Z"}
info: Saving resource. {"0":"https://www.oakshotels.com/assets/minor/oaks/28.0/css/global-ltr.min.css","1":"css","2":{"rss":89096192,"heapTotal":52817920,"heapUsed":40740832,"external":1765197},"3":[157,766409457],"timestamp":"2020-07-29T11:08:46.534Z"}
info: Saving resource. {"0":"https://www.oakshotels.com/uploads/minor/oaks/images/favicons/oaks-hotels-favicon.ico","2":{"rss":89624576,"heapTotal":52994048,"heapUsed":41586464,"external":2076763},"3":[158,93166444],"timestamp":"2020-07-29T11:08:46.861Z"}
info: Saving resource. {"0":"https://www.oakshotels.com/uploads/minor/oaks/images/australia/new-south-wales/sydney/castlereagh/600x400/1-bedroom-apartment/oaks-on-castlereagh-1-bedroom-bedroom-refurb-600x400px.jpg","2":{"rss":90148864,"heapTotal":52994048,"heapUsed":41983088,"external":2096720},"3":[158,302222194],"timestamp":"2020-07-29T11:08:47.070Z"}
info: Saving resource. {"0":"https://www.oakshotels.com/uploads/minor/oaks/assets/surestay-compendiums/oaks-castlereagh-compendium-digi.pdf?la=en","2":{"rss":90279936,"heapTotal":53080064,"heapUsed":40674512,"external":1626389},"3":[158,310945372],"timestamp":"2020-07-29T11:08:47.079Z"}
info: Saving resource. {"0":"https://www.oakshotels.com/uploads/minor/oaks/documents/hotels/new-south-wales/oaks-on-castlereagh-sydney-central/guest-service/cst3262-castlereagh-room-compendium-lr.pdf?la=en","2":{"rss":90550272,"heapTotal":53080064,"heapUsed":41093392,"external":2242740},"3":[158,552361816],"timestamp":"2020-07-29T11:08:47.320Z"}
info: Saving resource. {"0":"https://www.oakshotels.com/uploads/minor/oaks/documents/hotels/new-south-wales/oaks-on-castlereagh-sydney-central/fact-sheet/castlereagh-fact-sheet-2019.pdf","2":{"rss":93188096,"heapTotal":53080064,"heapUsed":41577312,"external":4914665},"3":[158,835962401],"timestamp":"2020-07-29T11:08:47.604Z"}
info: Saving resource. {"0":"https://www.oakshotels.com/assets/minor/oaks/fonts/notosans-bolditalic-webfont.woff2","2":{"rss":93188096,"heapTotal":53080064,"heapUsed":42003576,"external":5293562},"3":[159,22401413],"timestamp":"2020-07-29T11:08:47.790Z"}
info: Saving resource. {"0":"https://www.oakshotels.com/assets/minor/oaks/fonts/notosans-bolditalic-webfont.ttf","2":{"rss":93188096,"heapTotal":53080064,"heapUsed":42408304,"external":5333574},"3":[159,177249777],"timestamp":"2020-07-29T11:08:47.945Z"}
info: Saving resource. {"0":"https://www.oakshotels.com/assets/minor/oaks/fonts/icomoon.ttf?-blx35s","2":{"rss":93437952,"heapTotal":53080064,"heapUsed":42804080,"external":5458791},"3":[159,400577406],"timestamp":"2020-07-29T11:08:48.168Z"}
info: Saving resource. {"0":"https://www.oakshotels.com/assets/minor/oaks/fonts/icomoon.eot?#iefix-blx35s","2":{"rss":93437952,"heapTotal":53080064,"heapUsed":43199768,"external":5606659},"3":[159,993056015],"timestamp":"2020-07-29T11:08:48.761Z"}
info: Saving resource. {"0":"https://www.oakshotels.com/assets/minor/oaks/fonts/notosans-bold-webfont.woff","2":{"rss":93978624,"heapTotal":53080064,"heapUsed":43595128,"external":5746467},"3":[160,208328389],"timestamp":"2020-07-29T11:08:48.976Z"}
info: Saving resource. {"0":"https://www.oakshotels.com/assets/minor/oaks/fonts/notosans-regular-webfont.woff2","2":{"rss":91385856,"heapTotal":54128640,"heapUsed":41051832,"external":1628302},"3":[160,358078983],"timestamp":"2020-07-29T11:08:49.126Z"}
info: Saving resource. {"0":"https://www.oakshotels.com/assets/minor/oaks/img/marker-orange.png","2":{"rss":91385856,"heapTotal":54128640,"heapUsed":41444544,"external":1666705},"3":[160,527717717],"timestamp":"2020-07-29T11:08:49.295Z"}
info: Saving resource. {"0":"https://www.oakshotels.com/assets/minor/oaks/img/marker-red.png","2":{"rss":91672576,"heapTotal":54128640,"heapUsed":41838688,"external":1678401},"3":[160,694979658],"timestamp":"2020-07-29T11:08:49.463Z"}
info: Saving resource. {"0":"https://www.oakshotels.com/assets/minor/oaks/img/marker-green.png","2":{"rss":91672576,"heapTotal":54128640,"heapUsed":42245208,"external":1698225},"3":[160,931087909],"timestamp":"2020-07-29T11:08:49.699Z"}
info: Saving resource. {"0":"https://www.oakshotels.com/assets/minor/oaks/img/marker-yellow.png","2":{"rss":91672576,"heapTotal":54128640,"heapUsed":42635712,"external":1709863},"3":[161,85025869],"timestamp":"2020-07-29T11:08:49.853Z"}
info: Saving resource. {"0":"https://www.oakshotels.com/assets/minor/oaks/fonts/icomoon.woff?-blx35s","2":{"rss":91672576,"heapTotal":54128640,"heapUsed":43026728,"external":1729696},"3":[161,294355619],"timestamp":"2020-07-29T11:08:50.062Z"}
info: Saving resource. {"0":"https://www.oakshotels.com/assets/minor/oaks/fonts/notosans-bold-webfont.woff2","2":{"rss":91697152,"heapTotal":54128640,"heapUsed":43424928,"external":1869405},"3":[161,484088094],"timestamp":"2020-07-29T11:08:50.252Z"}
info: Saving resource. {"0":"https://www.oakshotels.com/assets/minor/oaks/fonts/notosans-bolditalic-webfont.woff","2":{"rss":93237248,"heapTotal":54128640,"heapUsed":43837760,"external":1965706},"3":[161,700180621],"timestamp":"2020-07-29T11:08:50.468Z"}
info: Saving resource. {"0":"https://www.oakshotels.com/assets/minor/oaks/28.0/img/fancybox/fancybox_overlay.png","2":{"rss":93237248,"heapTotal":54128640,"heapUsed":44230896,"external":2011763},"3":[161,846320066],"timestamp":"2020-07-29T11:08:50.614Z"}
info: Saving resource. {"0":"https://www.oakshotels.com/assets/minor/oaks/28.0/img/fancybox/fancybox_loading.gif","2":{"rss":93237248,"heapTotal":54128640,"heapUsed":44631360,"external":2023541},"3":[161,999101404],"timestamp":"2020-07-29T11:08:50.767Z"}
info: Saving resource. {"0":"https://www.oakshotels.com/assets/minor/oaks/fonts/notosans-bold-webfont.ttf","2":{"rss":93237248,"heapTotal":54128640,"heapUsed":41683520,"external":1646363},"3":[162,137016705],"timestamp":"2020-07-29T11:08:50.905Z"}
info: Saving resource. {"0":"https://www.oakshotels.com/assets/minor/oaks/fonts/notosans-bold-webfont.eot","2":{"rss":93507584,"heapTotal":54128640,"heapUsed":42079256,"external":1768921},"3":[162,291134300],"timestamp":"2020-07-29T11:08:51.059Z"}
info: Saving resource. {"0":"https://www.oakshotels.com/assets/minor/oaks/fonts/geometr415-md-bt-medium-webfont.svg#geometr415_md_btmedium","2":{"rss":93507584,"heapTotal":54128640,"heapUsed":42472776,"external":1810345},"3":[162,541936346],"timestamp":"2020-07-29T11:08:51.310Z"}
info: Saving resource. {"0":"https://www.oakshotels.com/assets/minor/oaks/fonts/notosans-italic-webfont.eot","2":{"rss":94031872,"heapTotal":54128640,"heapUsed":42869600,"external":1963312},"3":[162,731555593],"timestamp":"2020-07-29T11:08:51.499Z"}
info: Saving resource. {"0":"https://www.oakshotels.com/assets/minor/oaks/fonts/notosans-italic-webfont.woff2","2":{"rss":94715904,"heapTotal":54128640,"heapUsed":43275624,"external":2063037},"3":[162,938525951],"timestamp":"2020-07-29T11:08:51.706Z"}
info: Saving resource. {"0":"https://www.oakshotels.com/assets/minor/oaks/fonts/notosans-italic-webfont.woff","2":{"rss":95125504,"heapTotal":54128640,"heapUsed":43687064,"external":2102934},"3":[163,111930159],"timestamp":"2020-07-29T11:08:51.880Z"}
info: Saving resource. {"0":"https://www.oakshotels.com/assets/minor/oaks/fonts/notosans-regular-webfont.woff","2":{"rss":95125504,"heapTotal":54128640,"heapUsed":44074880,"external":2140929},"3":[163,274135619],"timestamp":"2020-07-29T11:08:52.042Z"}
info: Saving resource. {"0":"https://www.oakshotels.com/assets/minor/oaks/fonts/notosans-regular-webfont.eot","2":{"rss":95125504,"heapTotal":54128640,"heapUsed":44464360,"external":2250770},"3":[163,438132858],"timestamp":"2020-07-29T11:08:52.206Z"}
info: Saving resource. {"0":"https://www.oakshotels.com/assets/minor/oaks/fonts/geometr415-md-bt-medium-webfont.eot","2":{"rss":95125504,"heapTotal":54128640,"heapUsed":44851080,"external":2283268},"3":[163,594854604],"timestamp":"2020-07-29T11:08:52.363Z"}
info: Saving resource. {"0":"https://www.oakshotels.com/assets/minor/oaks/fonts/notosans-regular-webfont.ttf","2":{"rss":95662080,"heapTotal":54128640,"heapUsed":42019232,"external":1629714},"3":[163,805942029],"timestamp":"2020-07-29T11:08:52.574Z"}
info: Saving resource. {"0":"https://www.oakshotels.com/assets/minor/oaks/28.0/img/fancybox/fancybox_sprite.png","2":{"rss":95662080,"heapTotal":54128640,"heapUsed":42405704,"external":1693622},"3":[163,956256627],"timestamp":"2020-07-29T11:08:52.724Z"}
info: Saving resource. {"0":"https://www.oakshotels.com/assets/minor/oaks/fonts/geometr415-md-bt-medium-webfont.woff2","2":{"rss":95662080,"heapTotal":54128640,"heapUsed":42792088,"external":1705377},"3":[164,118611562],"timestamp":"2020-07-29T11:08:52.886Z"}
info: Saving resource. {"0":"https://www.oakshotels.com/assets/minor/oaks/fonts/geometr415-md-bt-medium-webfont.woff","2":{"rss":95662080,"heapTotal":54128640,"heapUsed":43182248,"external":1809315},"3":[164,254588069],"timestamp":"2020-07-29T11:08:53.022Z"}
info: Saving resource. {"0":"https://www.oakshotels.com/assets/minor/oaks/fonts/geometr415-md-bt-medium-webfont.ttf","2":{"rss":95662080,"heapTotal":54128640,"heapUsed":43568848,"external":1845233},"3":[164,413844149],"timestamp":"2020-07-29T11:08:53.181Z"}
info: Saving resource. {"0":"https://www.oakshotels.com/assets/minor/oaks/28.0/img/fancybox/fancybox_sprite@2x.png","2":{"rss":95932416,"heapTotal":54128640,"heapUsed":43958672,"external":1973972},"3":[164,631511382],"timestamp":"2020-07-29T11:08:53.399Z"}
info: Saving resource. {"0":"https://www.oakshotels.com/assets/minor/oaks/fonts/notosans-italic-webfont.svg#noto_sansitalic","2":{"rss":96202752,"heapTotal":54128640,"heapUsed":44345328,"external":1992313},"3":[164,789444294],"timestamp":"2020-07-29T11:08:53.557Z"}
info: Saving resource. {"0":"https://www.oakshotels.com/assets/minor/oaks/fonts/icomoon.svg?-blx35s#icomoon","2":{"rss":96559104,"heapTotal":54128640,"heapUsed":44738176,"external":2157146},"3":[165,19568799],"timestamp":"2020-07-29T11:08:53.787Z"}
info: Saving resource. {"0":"https://www.oakshotels.com/assets/minor/oaks/fonts/notosans-bolditalic-webfont.svg#noto_sansbold_italic","2":{"rss":97361920,"heapTotal":54128640,"heapUsed":45140576,"external":2706307},"3":[165,236073108],"timestamp":"2020-07-29T11:08:54.004Z"}
info: Saving resource. {"0":"https://www.oakshotels.com/assets/minor/oaks/28.0/img/fancybox/blank.gif","2":{"rss":97910784,"heapTotal":54128640,"heapUsed":45536520,"external":2970223},"3":[165,448672700],"timestamp":"2020-07-29T11:08:54.216Z"}
info: Saving resource. {"0":"https://www.oakshotels.com/assets/minor/oaks/fonts/notosans-italic-webfont.ttf","2":{"rss":98099200,"heapTotal":53952512,"heapUsed":38396224,"external":1570977},"3":[166,27256049],"timestamp":"2020-07-29T11:08:54.795Z"}
info: Saving resource. {"0":"https://www.oakshotels.com/assets/minor/oaks/28.0/img/fancybox/fancybox_loading@2x.gif","2":{"rss":98099200,"heapTotal":53952512,"heapUsed":38813512,"external":1696758},"3":[166,201837739],"timestamp":"2020-07-29T11:08:54.970Z"}
info: Saving resource. {"0":"https://www.oakshotels.com/assets/minor/oaks/fonts/notosans-bold-webfont.svg#noto_sansbold","2":{"rss":98099200,"heapTotal":53952512,"heapUsed":39205680,"external":1722518},"3":[166,340113566],"timestamp":"2020-07-29T11:08:55.108Z"}
info: Saving resource. {"0":"https://www.oakshotels.com/assets/minor/oaks/fonts/notosans-regular-webfont.svg#noto_sansregular","2":{"rss":98471936,"heapTotal":53952512,"heapUsed":39614168,"external":1991842},"3":[166,527828956],"timestamp":"2020-07-29T11:08:55.295Z"}
info: Saving resource. {"0":"https://www.oakshotels.com/assets/minor/oaks/fonts/notosans-bolditalic-webfont.eot","2":{"rss":98471936,"heapTotal":53952512,"heapUsed":40014752,"external":2253084},"3":[166,725436793],"timestamp":"2020-07-29T11:08:55.493Z"}
info: Saving resource. {"0":"https://www.oakshotels.com/assets/minor/oaks/img/marker-black.png","2":{"rss":98803712,"heapTotal":53952512,"heapUsed":40422304,"external":2295321},"3":[166,879225210],"timestamp":"2020-07-29T11:08:55.647Z"}
info: Saving resource. {"0":"https://www.oakshotels.com/assets/minor/oaks/fonts/icomoon.eot?-blx35s","2":{"rss":98660352,"heapTotal":53952512,"heapUsed":40813632,"external":2307009},"3":[167,48324715],"timestamp":"2020-07-29T11:08:55.816Z"}
info: Downloaded: 103 files. {"0":{"rss":98660352,"heapTotal":53952512,"heapUsed":40830896,"external":2307009},"1":[167,49381019],"timestamp":"2020-07-29T11:08:55.817Z"}
